2024-12-23 15:10:34.225 +03:00 [INF] User profile is available. Using 'C:\Users\eugenyshevtsov\AppData\Local\ASP.NET\DataProtection-Keys' as key repository and Windows DPAPI to encrypt keys at rest.
2024-12-23 15:10:35.325 +03:00 [INF] Now listening on: http://localhost:5001
2024-12-23 15:10:35.332 +03:00 [INF] Application started. Press Ctrl+C to shut down.
2024-12-23 15:10:35.334 +03:00 [INF] Hosting environment: Development
2024-12-23 15:10:35.334 +03:00 [INF] Content root path: E:\NEED\C#\Innowise\InnoShop\InnoShopV2\InnoShop.ProductManagement\ProductManagement.Presentation
2024-12-23 15:10:41.581 +03:00 [INF] Request starting HTTP/1.1 GET http://localhost:5001/swagger/index.html - null null
2024-12-23 15:10:46.040 +03:00 [INF] Request finished HTTP/1.1 GET http://localhost:5001/swagger/index.html - 200 null text/html;charset=utf-8 4505.1612ms
2024-12-23 15:10:46.343 +03:00 [INF] Request starting HTTP/1.1 GET http://localhost:5001/_framework/aspnetcore-browser-refresh.js - null null
2024-12-23 15:10:46.344 +03:00 [INF] Request starting HTTP/1.1 GET http://localhost:5001/swagger/index.js - null null
2024-12-23 15:10:46.348 +03:00 [INF] Request starting HTTP/1.1 GET http://localhost:5001/_vs/browserLink - null null
2024-12-23 15:10:46.357 +03:00 [INF] Request finished HTTP/1.1 GET http://localhost:5001/swagger/index.js - 200 null application/javascript;charset=utf-8 12.7535ms
2024-12-23 15:10:46.357 +03:00 [INF] Request finished HTTP/1.1 GET http://localhost:5001/_framework/aspnetcore-browser-refresh.js - 200 13796 application/javascript; charset=utf-8 41.8466ms
2024-12-23 15:10:46.560 +03:00 [INF] Request finished HTTP/1.1 GET http://localhost:5001/_vs/browserLink - 200 null text/javascript; charset=UTF-8 212.1796ms
2024-12-23 15:10:47.029 +03:00 [INF] Request starting HTTP/1.1 GET http://localhost:5001/swagger/v1/swagger.json - null null
2024-12-23 15:10:48.141 +03:00 [INF] Request finished HTTP/1.1 GET http://localhost:5001/swagger/v1/swagger.json - 200 null application/json;charset=utf-8 1112.4218ms
2024-12-23 15:11:23.254 +03:00 [INF] Request starting HTTP/1.1 GET http://localhost:5001/api/SubCategory - null null
2024-12-23 15:11:23.277 +03:00 [WRN] Failed to determine the https port for redirect.
2024-12-23 15:11:23.411 +03:00 [INF] Executing endpoint 'ProductManagement.Presentation.Controllers.SubCategoryController.TakeSubCatigories (ProductManagement.Presentation)'
2024-12-23 15:11:23.469 +03:00 [INF] Route matched with {action = "TakeSubCatigories", controller = "SubCategory"}. Executing controller action with signature System.Threading.Tasks.Task`1[Microsoft.AspNetCore.Mvc.IActionResult] TakeSubCatigories() on controller ProductManagement.Presentation.Controllers.SubCategoryController (ProductManagement.Presentation).
2024-12-23 15:11:29.271 +03:00 [WRN] No store type was specified for the decimal property 'Price' on entity type 'Product'. This will cause values to be silently truncated if they do not fit in the default precision and scale. Explicitly specify the SQL server column type that can accommodate all the values in 'OnModelCreating' using 'HasColumnType', specify precision and scale using 'HasPrecision', or configure a value converter using 'HasConversion'.
2024-12-23 15:11:32.120 +03:00 [INF] Executed DbCommand (218ms) [Parameters=[], CommandType='"Text"', CommandTimeout='30']
SELECT [s].[Id], [s].[CategoryId], [s].[Description], [s].[Title], [c].[Id], [c].[Description], [c].[Title]
FROM [SubCategories] AS [s]
LEFT JOIN [Categories] AS [c] ON [s].[CategoryId] = [c].[Id]
2024-12-23 15:11:32.239 +03:00 [INF] Executing NotFoundObjectResult, writing value of type 'System.String'.
2024-12-23 15:11:32.255 +03:00 [INF] Executed action ProductManagement.Presentation.Controllers.SubCategoryController.TakeSubCatigories (ProductManagement.Presentation) in 8771.3533ms
2024-12-23 15:11:32.256 +03:00 [INF] Executed endpoint 'ProductManagement.Presentation.Controllers.SubCategoryController.TakeSubCatigories (ProductManagement.Presentation)'
2024-12-23 15:11:32.286 +03:00 [INF] Request finished HTTP/1.1 GET http://localhost:5001/api/SubCategory - 404 null text/plain; charset=utf-8 9029.2934ms
2024-12-23 15:12:19.506 +03:00 [INF] Request starting HTTP/1.1 POST http://localhost:5001/api/SubCategory - application/json 106
2024-12-23 15:12:19.513 +03:00 [INF] Executing endpoint 'ProductManagement.Presentation.Controllers.SubCategoryController.AddSubCatigory (ProductManagement.Presentation)'
2024-12-23 15:12:19.549 +03:00 [INF] Route matched with {action = "AddSubCatigory", controller = "SubCategory"}. Executing controller action with signature System.Threading.Tasks.Task`1[Microsoft.AspNetCore.Mvc.IActionResult] AddSubCatigory(ProductManagement.Application.DTOs.SubCategoryDTO) on controller ProductManagement.Presentation.Controllers.SubCategoryController (ProductManagement.Presentation).
2024-12-23 15:12:34.698 +03:00 [ERR] Failed executing DbCommand (85ms) [Parameters=[@p0='?' (DbType = Guid), @p1='?' (DbType = Guid), @p2='?' (Size = 4000), @p3='?' (Size = 4000)], CommandType='"Text"', CommandTimeout='30']
SET IMPLICIT_TRANSACTIONS OFF;
SET NOCOUNT ON;
INSERT INTO [SubCategories] ([Id], [CategoryId], [Description], [Title])
VALUES (@p0, @p1, @p2, @p3);
2024-12-23 15:12:35.089 +03:00 [ERR] An exception occurred in the database while saving changes for context type 'ProductManagement.Infrastructure.Data.ProductManagementDBContext'.
Microsoft.EntityFrameworkCore.DbUpdateException: An error occurred while saving the entity changes. See the inner exception for details.
 ---> Microsoft.Data.SqlClient.SqlException (0x80131904): Cannot insert the value NULL into column 'CategoryId', table 'InnoShopDB.dbo.SubCategories'; column does not allow nulls. INSERT fails.
The statement has been terminated.
   at Microsoft.Data.SqlClient.SqlCommand.<>c.<ExecuteDbDataReaderAsync>b__211_0(Task`1 result)
   at System.Threading.Tasks.ContinuationResultTaskFromResultTask`2.InnerInvoke()
   at System.Threading.ExecutionContext.RunInternal(ExecutionContext executionContext, ContextCallback callback, Object state)
--- End of stack trace from previous location ---
   at System.Threading.ExecutionContext.RunInternal(ExecutionContext executionContext, ContextCallback callback, Object state)
   at System.Threading.Tasks.Task.ExecuteWithThreadLocal(Task& currentTaskSlot, Thread threadPoolThread)
--- End of stack trace from previous location ---
   at Microsoft.EntityFrameworkCore.Storage.RelationalCommand.ExecuteReaderAsync(RelationalCommandParameterObject parameterObject, CancellationToken cancellationToken)
   at Microsoft.EntityFrameworkCore.Storage.RelationalCommand.ExecuteReaderAsync(RelationalCommandParameterObject parameterObject, CancellationToken cancellationToken)
   at Microsoft.EntityFrameworkCore.Update.ReaderModificationCommandBatch.ExecuteAsync(IRelationalConnection connection, CancellationToken cancellationToken)
ClientConnectionId:5fb70e36-4933-4103-aeae-9a398351cba6
Error Number:515,State:2,Class:16
   --- End of inner exception stack trace ---
   at Microsoft.EntityFrameworkCore.Update.ReaderModificationCommandBatch.ExecuteAsync(IRelationalConnection connection, CancellationToken cancellationToken)
   at Microsoft.EntityFrameworkCore.SqlServer.Update.Internal.SqlServerModificationCommandBatch.ExecuteAsync(IRelationalConnection connection, CancellationToken cancellationToken)
   at Microsoft.EntityFrameworkCore.Update.Internal.BatchExecutor.ExecuteAsync(IEnumerable`1 commandBatches, IRelationalConnection connection, CancellationToken cancellationToken)
   at Microsoft.EntityFrameworkCore.Update.Internal.BatchExecutor.ExecuteAsync(IEnumerable`1 commandBatches, IRelationalConnection connection, CancellationToken cancellationToken)
   at Microsoft.EntityFrameworkCore.Update.Internal.BatchExecutor.ExecuteAsync(IEnumerable`1 commandBatches, IRelationalConnection connection, CancellationToken cancellationToken)
   at Microsoft.EntityFrameworkCore.Storage.RelationalDatabase.SaveChangesAsync(IList`1 entries, CancellationToken cancellationToken)
   at Microsoft.EntityFrameworkCore.ChangeTracking.Internal.StateManager.SaveChangesAsync(IList`1 entriesToSave, CancellationToken cancellationToken)
   at Microsoft.EntityFrameworkCore.ChangeTracking.Internal.StateManager.SaveChangesAsync(StateManager stateManager, Boolean acceptAllChangesOnSuccess, CancellationToken cancellationToken)
   at Microsoft.EntityFrameworkCore.Storage.ExecutionStrategy.<>c__DisplayClass30_0`2.<<ExecuteAsync>b__0>d.MoveNext()
--- End of stack trace from previous location ---
   at Microsoft.EntityFrameworkCore.Storage.ExecutionStrategy.ExecuteImplementationAsync[TState,TResult](Func`4 operation, Func`4 verifySucceeded, TState state, CancellationToken cancellationToken)
   at Microsoft.EntityFrameworkCore.Storage.ExecutionStrategy.ExecuteImplementationAsync[TState,TResult](Func`4 operation, Func`4 verifySucceeded, TState state, CancellationToken cancellationToken)
   at Microsoft.EntityFrameworkCore.Storage.ExecutionStrategy.ExecuteAsync[TState,TResult](TState state, Func`4 operation, Func`4 verifySucceeded, CancellationToken cancellationToken)
   at Microsoft.EntityFrameworkCore.DbContext.SaveChangesAsync(Boolean acceptAllChangesOnSuccess, CancellationToken cancellationToken)
Microsoft.EntityFrameworkCore.DbUpdateException: An error occurred while saving the entity changes. See the inner exception for details.
 ---> Microsoft.Data.SqlClient.SqlException (0x80131904): Cannot insert the value NULL into column 'CategoryId', table 'InnoShopDB.dbo.SubCategories'; column does not allow nulls. INSERT fails.
The statement has been terminated.
   at Microsoft.Data.SqlClient.SqlCommand.<>c.<ExecuteDbDataReaderAsync>b__211_0(Task`1 result)
   at System.Threading.Tasks.ContinuationResultTaskFromResultTask`2.InnerInvoke()
   at System.Threading.ExecutionContext.RunInternal(ExecutionContext executionContext, ContextCallback callback, Object state)
--- End of stack trace from previous location ---
   at System.Threading.ExecutionContext.RunInternal(ExecutionContext executionContext, ContextCallback callback, Object state)
   at System.Threading.Tasks.Task.ExecuteWithThreadLocal(Task& currentTaskSlot, Thread threadPoolThread)
--- End of stack trace from previous location ---
   at Microsoft.EntityFrameworkCore.Storage.RelationalCommand.ExecuteReaderAsync(RelationalCommandParameterObject parameterObject, CancellationToken cancellationToken)
   at Microsoft.EntityFrameworkCore.Storage.RelationalCommand.ExecuteReaderAsync(RelationalCommandParameterObject parameterObject, CancellationToken cancellationToken)
   at Microsoft.EntityFrameworkCore.Update.ReaderModificationCommandBatch.ExecuteAsync(IRelationalConnection connection, CancellationToken cancellationToken)
ClientConnectionId:5fb70e36-4933-4103-aeae-9a398351cba6
Error Number:515,State:2,Class:16
   --- End of inner exception stack trace ---
   at Microsoft.EntityFrameworkCore.Update.ReaderModificationCommandBatch.ExecuteAsync(IRelationalConnection connection, CancellationToken cancellationToken)
   at Microsoft.EntityFrameworkCore.SqlServer.Update.Internal.SqlServerModificationCommandBatch.ExecuteAsync(IRelationalConnection connection, CancellationToken cancellationToken)
   at Microsoft.EntityFrameworkCore.Update.Internal.BatchExecutor.ExecuteAsync(IEnumerable`1 commandBatches, IRelationalConnection connection, CancellationToken cancellationToken)
   at Microsoft.EntityFrameworkCore.Update.Internal.BatchExecutor.ExecuteAsync(IEnumerable`1 commandBatches, IRelationalConnection connection, CancellationToken cancellationToken)
   at Microsoft.EntityFrameworkCore.Update.Internal.BatchExecutor.ExecuteAsync(IEnumerable`1 commandBatches, IRelationalConnection connection, CancellationToken cancellationToken)
   at Microsoft.EntityFrameworkCore.Storage.RelationalDatabase.SaveChangesAsync(IList`1 entries, CancellationToken cancellationToken)
   at Microsoft.EntityFrameworkCore.ChangeTracking.Internal.StateManager.SaveChangesAsync(IList`1 entriesToSave, CancellationToken cancellationToken)
   at Microsoft.EntityFrameworkCore.ChangeTracking.Internal.StateManager.SaveChangesAsync(StateManager stateManager, Boolean acceptAllChangesOnSuccess, CancellationToken cancellationToken)
   at Microsoft.EntityFrameworkCore.Storage.ExecutionStrategy.<>c__DisplayClass30_0`2.<<ExecuteAsync>b__0>d.MoveNext()
--- End of stack trace from previous location ---
   at Microsoft.EntityFrameworkCore.Storage.ExecutionStrategy.ExecuteImplementationAsync[TState,TResult](Func`4 operation, Func`4 verifySucceeded, TState state, CancellationToken cancellationToken)
   at Microsoft.EntityFrameworkCore.Storage.ExecutionStrategy.ExecuteImplementationAsync[TState,TResult](Func`4 operation, Func`4 verifySucceeded, TState state, CancellationToken cancellationToken)
   at Microsoft.EntityFrameworkCore.Storage.ExecutionStrategy.ExecuteAsync[TState,TResult](TState state, Func`4 operation, Func`4 verifySucceeded, CancellationToken cancellationToken)
   at Microsoft.EntityFrameworkCore.DbContext.SaveChangesAsync(Boolean acceptAllChangesOnSuccess, CancellationToken cancellationToken)
2024-12-23 15:12:36.255 +03:00 [INF] Executing ObjectResult, writing value of type 'System.String'.
2024-12-23 15:12:36.255 +03:00 [INF] Executed action ProductManagement.Presentation.Controllers.SubCategoryController.AddSubCatigory (ProductManagement.Presentation) in 16705.8996ms
2024-12-23 15:12:36.256 +03:00 [INF] Executed endpoint 'ProductManagement.Presentation.Controllers.SubCategoryController.AddSubCatigory (ProductManagement.Presentation)'
2024-12-23 15:12:36.256 +03:00 [INF] Request finished HTTP/1.1 POST http://localhost:5001/api/SubCategory - 500 null text/plain; charset=utf-8 16753.2784ms
2024-12-23 15:38:13.321 +03:00 [INF] User profile is available. Using 'C:\Users\eugenyshevtsov\AppData\Local\ASP.NET\DataProtection-Keys' as key repository and Windows DPAPI to encrypt keys at rest.
2024-12-23 15:38:16.264 +03:00 [INF] Now listening on: http://localhost:5001
2024-12-23 15:38:16.274 +03:00 [INF] Application started. Press Ctrl+C to shut down.
2024-12-23 15:38:16.275 +03:00 [INF] Hosting environment: Development
2024-12-23 15:38:16.276 +03:00 [INF] Content root path: E:\NEED\C#\Innowise\InnoShop\InnoShopV2\InnoShop.ProductManagement\ProductManagement.Presentation
2024-12-23 15:38:20.297 +03:00 [INF] Request starting HTTP/1.1 GET http://localhost:5001/swagger/index.html - null null
2024-12-23 15:38:23.490 +03:00 [INF] Request finished HTTP/1.1 GET http://localhost:5001/swagger/index.html - 200 null text/html;charset=utf-8 3255.3706ms
2024-12-23 15:38:23.996 +03:00 [INF] Request starting HTTP/1.1 GET http://localhost:5001/_framework/aspnetcore-browser-refresh.js - null null
2024-12-23 15:38:24.004 +03:00 [INF] Request finished HTTP/1.1 GET http://localhost:5001/_framework/aspnetcore-browser-refresh.js - 200 13796 application/javascript; charset=utf-8 9.2805ms
2024-12-23 15:38:24.006 +03:00 [INF] Request starting HTTP/1.1 GET http://localhost:5001/_vs/browserLink - null null
2024-12-23 15:38:24.011 +03:00 [INF] Request starting HTTP/1.1 GET http://localhost:5001/swagger/index.js - null null
2024-12-23 15:38:24.015 +03:00 [INF] Request finished HTTP/1.1 GET http://localhost:5001/swagger/index.js - 200 null application/javascript;charset=utf-8 3.9047ms
2024-12-23 15:38:24.299 +03:00 [INF] Request finished HTTP/1.1 GET http://localhost:5001/_vs/browserLink - 200 null text/javascript; charset=UTF-8 293.5543ms
2024-12-23 15:38:24.659 +03:00 [INF] Request starting HTTP/1.1 GET http://localhost:5001/swagger/v1/swagger.json - null null
2024-12-23 15:38:25.357 +03:00 [INF] Request finished HTTP/1.1 GET http://localhost:5001/swagger/v1/swagger.json - 200 null application/json;charset=utf-8 697.9522ms
2024-12-23 15:38:30.444 +03:00 [INF] Request starting HTTP/1.1 GET http://localhost:5001/api/Category - null null
2024-12-23 15:38:30.470 +03:00 [WRN] Failed to determine the https port for redirect.
2024-12-23 15:38:30.687 +03:00 [INF] Executing endpoint 'ProductManagement.Presentation.Controllers.CategoryController.TakeCatigories (ProductManagement.Presentation)'
2024-12-23 15:38:30.760 +03:00 [INF] Route matched with {action = "TakeCatigories", controller = "Category"}. Executing controller action with signature System.Threading.Tasks.Task`1[Microsoft.AspNetCore.Mvc.IActionResult] TakeCatigories() on controller ProductManagement.Presentation.Controllers.CategoryController (ProductManagement.Presentation).
2024-12-23 15:38:33.192 +03:00 [WRN] No store type was specified for the decimal property 'Price' on entity type 'Product'. This will cause values to be silently truncated if they do not fit in the default precision and scale. Explicitly specify the SQL server column type that can accommodate all the values in 'OnModelCreating' using 'HasColumnType', specify precision and scale using 'HasPrecision', or configure a value converter using 'HasConversion'.
2024-12-23 15:38:39.694 +03:00 [INF] Executed DbCommand (107ms) [Parameters=[], CommandType='"Text"', CommandTimeout='30']
SELECT [c].[Id], [c].[Description], [c].[Title]
FROM [Categories] AS [c]
2024-12-23 15:38:39.980 +03:00 [INF] Executing NotFoundObjectResult, writing value of type 'System.String'.
2024-12-23 15:38:39.992 +03:00 [INF] Executed action ProductManagement.Presentation.Controllers.CategoryController.TakeCatigories (ProductManagement.Presentation) in 9221.4014ms
2024-12-23 15:38:39.993 +03:00 [INF] Executed endpoint 'ProductManagement.Presentation.Controllers.CategoryController.TakeCatigories (ProductManagement.Presentation)'
2024-12-23 15:38:40.020 +03:00 [INF] Request finished HTTP/1.1 GET http://localhost:5001/api/Category - 404 null text/plain; charset=utf-8 9576.1953ms
2024-12-23 15:40:53.886 +03:00 [INF] User profile is available. Using 'C:\Users\eugenyshevtsov\AppData\Local\ASP.NET\DataProtection-Keys' as key repository and Windows DPAPI to encrypt keys at rest.
2024-12-23 15:40:54.844 +03:00 [INF] Now listening on: http://localhost:5001
2024-12-23 15:40:54.851 +03:00 [INF] Application started. Press Ctrl+C to shut down.
2024-12-23 15:40:54.894 +03:00 [INF] Hosting environment: Development
2024-12-23 15:40:54.894 +03:00 [INF] Content root path: E:\NEED\C#\Innowise\InnoShop\InnoShopV2\InnoShop.ProductManagement\ProductManagement.Presentation
2024-12-23 15:40:58.388 +03:00 [INF] Request starting HTTP/1.1 GET http://localhost:5001/swagger/index.html - null null
2024-12-23 15:41:05.496 +03:00 [INF] Request finished HTTP/1.1 GET http://localhost:5001/swagger/index.html - 200 null text/html;charset=utf-8 7137.3329ms
2024-12-23 15:41:14.696 +03:00 [INF] Request starting HTTP/1.1 GET http://localhost:5001/swagger/index.js - null null
2024-12-23 15:41:14.701 +03:00 [INF] Request finished HTTP/1.1 GET http://localhost:5001/swagger/index.js - 200 null application/javascript;charset=utf-8 6.4757ms
2024-12-23 15:41:16.124 +03:00 [INF] Request starting HTTP/1.1 GET http://localhost:5001/_framework/aspnetcore-browser-refresh.js - null null
2024-12-23 15:41:16.126 +03:00 [INF] Request starting HTTP/1.1 GET http://localhost:5001/_vs/browserLink - null null
2024-12-23 15:41:16.130 +03:00 [INF] Request finished HTTP/1.1 GET http://localhost:5001/_framework/aspnetcore-browser-refresh.js - 200 13796 application/javascript; charset=utf-8 7.2134ms
2024-12-23 15:41:16.208 +03:00 [INF] Request finished HTTP/1.1 GET http://localhost:5001/_vs/browserLink - 200 null text/javascript; charset=UTF-8 82.4952ms
2024-12-23 15:41:17.057 +03:00 [INF] Request starting HTTP/1.1 GET http://localhost:5001/swagger/v1/swagger.json - null null
2024-12-23 15:41:17.671 +03:00 [INF] Request finished HTTP/1.1 GET http://localhost:5001/swagger/v1/swagger.json - 200 null application/json;charset=utf-8 614.2959ms
2024-12-23 17:13:04.236 +03:00 [INF] Request starting HTTP/1.1 GET http://localhost:5001/api/Category - null null
2024-12-23 17:13:04.255 +03:00 [WRN] Failed to determine the https port for redirect.
2024-12-23 17:13:04.494 +03:00 [INF] Executing endpoint 'ProductManagement.Presentation.Controllers.CategoryController.TakeCatigories (ProductManagement.Presentation)'
2024-12-23 17:13:04.629 +03:00 [INF] Route matched with {action = "TakeCatigories", controller = "Category"}. Executing controller action with signature System.Threading.Tasks.Task`1[Microsoft.AspNetCore.Mvc.IActionResult] TakeCatigories() on controller ProductManagement.Presentation.Controllers.CategoryController (ProductManagement.Presentation).
2024-12-23 17:13:07.503 +03:00 [WRN] No store type was specified for the decimal property 'Price' on entity type 'Product'. This will cause values to be silently truncated if they do not fit in the default precision and scale. Explicitly specify the SQL server column type that can accommodate all the values in 'OnModelCreating' using 'HasColumnType', specify precision and scale using 'HasPrecision', or configure a value converter using 'HasConversion'.
2024-12-23 17:13:10.230 +03:00 [INF] Executed DbCommand (91ms) [Parameters=[], CommandType='"Text"', CommandTimeout='30']
SELECT [c].[Id], [c].[Description], [c].[Title]
FROM [Categories] AS [c]
2024-12-23 17:13:10.350 +03:00 [INF] Executing NotFoundObjectResult, writing value of type 'System.String'.
2024-12-23 17:13:10.360 +03:00 [INF] Executed action ProductManagement.Presentation.Controllers.CategoryController.TakeCatigories (ProductManagement.Presentation) in 5720.5553ms
2024-12-23 17:13:10.361 +03:00 [INF] Executed endpoint 'ProductManagement.Presentation.Controllers.CategoryController.TakeCatigories (ProductManagement.Presentation)'
2024-12-23 17:13:10.385 +03:00 [INF] Request finished HTTP/1.1 GET http://localhost:5001/api/Category - 404 null text/plain; charset=utf-8 6149.0694ms
2024-12-23 17:13:45.518 +03:00 [INF] Request starting HTTP/1.1 POST http://localhost:5001/api/Category - application/json 64
2024-12-23 17:13:45.526 +03:00 [INF] Executing endpoint 'ProductManagement.Presentation.Controllers.CategoryController.AddCatigory (ProductManagement.Presentation)'
2024-12-23 17:13:45.552 +03:00 [INF] Route matched with {action = "AddCatigory", controller = "Category"}. Executing controller action with signature System.Threading.Tasks.Task`1[Microsoft.AspNetCore.Mvc.IActionResult] AddCatigory(ProductManagement.Application.DTOs.CategoryDTO) on controller ProductManagement.Presentation.Controllers.CategoryController (ProductManagement.Presentation).
2024-12-23 17:13:45.679 +03:00 [INF] Executing BadRequestObjectResult, writing value of type 'Microsoft.AspNetCore.Mvc.ValidationProblemDetails'.
2024-12-23 17:13:45.755 +03:00 [INF] Executed action ProductManagement.Presentation.Controllers.CategoryController.AddCatigory (ProductManagement.Presentation) in 201.8813ms
2024-12-23 17:13:45.755 +03:00 [INF] Executed endpoint 'ProductManagement.Presentation.Controllers.CategoryController.AddCatigory (ProductManagement.Presentation)'
2024-12-23 17:13:45.755 +03:00 [INF] Request finished HTTP/1.1 POST http://localhost:5001/api/Category - 400 null application/problem+json; charset=utf-8 236.6781ms
2024-12-23 17:15:01.893 +03:00 [INF] User profile is available. Using 'C:\Users\eugenyshevtsov\AppData\Local\ASP.NET\DataProtection-Keys' as key repository and Windows DPAPI to encrypt keys at rest.
2024-12-23 17:15:02.752 +03:00 [INF] Now listening on: http://localhost:5001
2024-12-23 17:15:02.760 +03:00 [INF] Application started. Press Ctrl+C to shut down.
2024-12-23 17:15:02.761 +03:00 [INF] Hosting environment: Development
2024-12-23 17:15:02.801 +03:00 [INF] Content root path: E:\NEED\C#\Innowise\InnoShop\InnoShopV2\InnoShop.ProductManagement\ProductManagement.Presentation
2024-12-23 17:15:09.259 +03:00 [INF] Request starting HTTP/1.1 GET http://localhost:5001/swagger/index.html - null null
2024-12-23 17:15:12.593 +03:00 [INF] Request finished HTTP/1.1 GET http://localhost:5001/swagger/index.html - 200 null text/html;charset=utf-8 3369.5876ms
2024-12-23 17:15:13.082 +03:00 [INF] Request starting HTTP/1.1 GET http://localhost:5001/_framework/aspnetcore-browser-refresh.js - null null
2024-12-23 17:15:13.092 +03:00 [INF] Request finished HTTP/1.1 GET http://localhost:5001/_framework/aspnetcore-browser-refresh.js - 200 13796 application/javascript; charset=utf-8 11.0229ms
2024-12-23 17:15:13.093 +03:00 [INF] Request starting HTTP/1.1 GET http://localhost:5001/swagger/index.js - null null
2024-12-23 17:15:13.093 +03:00 [INF] Request starting HTTP/1.1 GET http://localhost:5001/_vs/browserLink - null null
2024-12-23 17:15:13.097 +03:00 [INF] Request finished HTTP/1.1 GET http://localhost:5001/swagger/index.js - 200 null application/javascript;charset=utf-8 16.5778ms
2024-12-23 17:15:13.797 +03:00 [INF] Request finished HTTP/1.1 GET http://localhost:5001/_vs/browserLink - 200 null text/javascript; charset=UTF-8 715.5962ms
2024-12-23 17:15:14.065 +03:00 [INF] Request starting HTTP/1.1 GET http://localhost:5001/swagger/v1/swagger.json - null null
2024-12-23 17:15:14.811 +03:00 [INF] Request finished HTTP/1.1 GET http://localhost:5001/swagger/v1/swagger.json - 200 null application/json;charset=utf-8 746.0416ms
2024-12-23 17:15:54.923 +03:00 [INF] Request starting HTTP/1.1 POST http://localhost:5001/api/Category - application/json 64
2024-12-23 17:15:54.951 +03:00 [WRN] Failed to determine the https port for redirect.
2024-12-23 17:15:55.135 +03:00 [INF] Executing endpoint 'ProductManagement.Presentation.Controllers.CategoryController.AddCatigory (ProductManagement.Presentation)'
2024-12-23 17:15:55.348 +03:00 [INF] Route matched with {action = "AddCatigory", controller = "Category"}. Executing controller action with signature System.Threading.Tasks.Task`1[Microsoft.AspNetCore.Mvc.IActionResult] AddCatigory(ProductManagement.Application.DTOs.CategoryDTO) on controller ProductManagement.Presentation.Controllers.CategoryController (ProductManagement.Presentation).
2024-12-23 17:15:58.423 +03:00 [WRN] No store type was specified for the decimal property 'Price' on entity type 'Product'. This will cause values to be silently truncated if they do not fit in the default precision and scale. Explicitly specify the SQL server column type that can accommodate all the values in 'OnModelCreating' using 'HasColumnType', specify precision and scale using 'HasPrecision', or configure a value converter using 'HasConversion'.
2024-12-23 17:16:00.596 +03:00 [INF] Executed DbCommand (139ms) [Parameters=[@p0='?' (DbType = Guid), @p1='?' (Size = 4000), @p2='?' (Size = 4000)], CommandType='"Text"', CommandTimeout='30']
SET IMPLICIT_TRANSACTIONS OFF;
SET NOCOUNT ON;
INSERT INTO [Categories] ([Id], [Description], [Title])
VALUES (@p0, @p1, @p2);
2024-12-23 17:16:00.773 +03:00 [INF] Executing OkObjectResult, writing value of type 'InnoShop.CommonLibrary.Response.Response'.
2024-12-23 17:16:00.826 +03:00 [INF] Executed action ProductManagement.Presentation.Controllers.CategoryController.AddCatigory (ProductManagement.Presentation) in 5466.4934ms
2024-12-23 17:16:00.827 +03:00 [INF] Executed endpoint 'ProductManagement.Presentation.Controllers.CategoryController.AddCatigory (ProductManagement.Presentation)'
2024-12-23 17:16:00.855 +03:00 [INF] Request finished HTTP/1.1 POST http://localhost:5001/api/Category - 200 null application/json; charset=utf-8 5932.593ms
2024-12-23 17:19:40.615 +03:00 [INF] Request starting HTTP/1.1 POST http://localhost:5001/api/Category - application/json 65
2024-12-23 17:19:40.619 +03:00 [INF] Executing endpoint 'ProductManagement.Presentation.Controllers.CategoryController.AddCatigory (ProductManagement.Presentation)'
2024-12-23 17:19:40.619 +03:00 [INF] Route matched with {action = "AddCatigory", controller = "Category"}. Executing controller action with signature System.Threading.Tasks.Task`1[Microsoft.AspNetCore.Mvc.IActionResult] AddCatigory(ProductManagement.Application.DTOs.CategoryDTO) on controller ProductManagement.Presentation.Controllers.CategoryController (ProductManagement.Presentation).
2024-12-23 17:19:40.983 +03:00 [INF] Executed DbCommand (19ms) [Parameters=[@p0='?' (DbType = Guid), @p1='?' (Size = 4000), @p2='?' (Size = 4000)], CommandType='"Text"', CommandTimeout='30']
SET IMPLICIT_TRANSACTIONS OFF;
SET NOCOUNT ON;
INSERT INTO [Categories] ([Id], [Description], [Title])
VALUES (@p0, @p1, @p2);
2024-12-23 17:19:40.985 +03:00 [INF] Executing OkObjectResult, writing value of type 'InnoShop.CommonLibrary.Response.Response'.
2024-12-23 17:19:40.985 +03:00 [INF] Executed action ProductManagement.Presentation.Controllers.CategoryController.AddCatigory (ProductManagement.Presentation) in 365.8828ms
2024-12-23 17:19:40.986 +03:00 [INF] Executed endpoint 'ProductManagement.Presentation.Controllers.CategoryController.AddCatigory (ProductManagement.Presentation)'
2024-12-23 17:19:40.987 +03:00 [INF] Request finished HTTP/1.1 POST http://localhost:5001/api/Category - 200 null application/json; charset=utf-8 372.1843ms
2024-12-23 17:20:10.936 +03:00 [INF] User profile is available. Using 'C:\Users\eugenyshevtsov\AppData\Local\ASP.NET\DataProtection-Keys' as key repository and Windows DPAPI to encrypt keys at rest.
2024-12-23 17:20:12.220 +03:00 [INF] Now listening on: http://localhost:5001
2024-12-23 17:20:12.226 +03:00 [INF] Application started. Press Ctrl+C to shut down.
2024-12-23 17:20:12.227 +03:00 [INF] Hosting environment: Development
2024-12-23 17:20:12.228 +03:00 [INF] Content root path: E:\NEED\C#\Innowise\InnoShop\InnoShopV2\InnoShop.ProductManagement\ProductManagement.Presentation
2024-12-23 17:20:16.255 +03:00 [INF] Request starting HTTP/1.1 GET http://localhost:5001/swagger/index.html - null null
2024-12-23 17:20:19.891 +03:00 [INF] Request finished HTTP/1.1 GET http://localhost:5001/swagger/index.html - 200 null text/html;charset=utf-8 3670.5003ms
2024-12-23 17:20:20.402 +03:00 [INF] Request starting HTTP/1.1 GET http://localhost:5001/_framework/aspnetcore-browser-refresh.js - null null
2024-12-23 17:20:20.408 +03:00 [INF] Request starting HTTP/1.1 GET http://localhost:5001/swagger/index.js - null null
2024-12-23 17:20:20.421 +03:00 [INF] Request starting HTTP/1.1 GET http://localhost:5001/_vs/browserLink - null null
2024-12-23 17:20:20.436 +03:00 [INF] Request finished HTTP/1.1 GET http://localhost:5001/swagger/index.js - 200 null application/javascript;charset=utf-8 27.6121ms
2024-12-23 17:20:20.451 +03:00 [INF] Request finished HTTP/1.1 GET http://localhost:5001/_framework/aspnetcore-browser-refresh.js - 200 13796 application/javascript; charset=utf-8 50.0053ms
2024-12-23 17:20:21.284 +03:00 [INF] Request finished HTTP/1.1 GET http://localhost:5001/_vs/browserLink - 200 null text/javascript; charset=UTF-8 863.1551ms
2024-12-23 17:20:21.537 +03:00 [INF] Request starting HTTP/1.1 GET http://localhost:5001/swagger/v1/swagger.json - null null
2024-12-23 17:20:22.404 +03:00 [INF] Request finished HTTP/1.1 GET http://localhost:5001/swagger/v1/swagger.json - 200 null application/json;charset=utf-8 867.7491ms
2024-12-23 17:20:45.565 +03:00 [INF] Request starting HTTP/1.1 POST http://localhost:5001/api/Category - application/json 65
2024-12-23 17:20:45.617 +03:00 [WRN] Failed to determine the https port for redirect.
2024-12-23 17:20:45.738 +03:00 [INF] Executing endpoint 'ProductManagement.Presentation.Controllers.CategoryController.AddCatigory (ProductManagement.Presentation)'
2024-12-23 17:20:45.801 +03:00 [INF] Route matched with {action = "AddCatigory", controller = "Category"}. Executing controller action with signature System.Threading.Tasks.Task`1[Microsoft.AspNetCore.Mvc.IActionResult] AddCatigory(ProductManagement.Application.DTOs.CategoryDTO) on controller ProductManagement.Presentation.Controllers.CategoryController (ProductManagement.Presentation).
2024-12-23 17:20:54.163 +03:00 [WRN] No store type was specified for the decimal property 'Price' on entity type 'Product'. This will cause values to be silently truncated if they do not fit in the default precision and scale. Explicitly specify the SQL server column type that can accommodate all the values in 'OnModelCreating' using 'HasColumnType', specify precision and scale using 'HasPrecision', or configure a value converter using 'HasConversion'.
2024-12-23 17:20:56.006 +03:00 [INF] Executed DbCommand (102ms) [Parameters=[@p0='?' (DbType = Guid), @p1='?' (Size = 4000), @p2='?' (Size = 4000)], CommandType='"Text"', CommandTimeout='30']
SET IMPLICIT_TRANSACTIONS OFF;
SET NOCOUNT ON;
INSERT INTO [Categories] ([Id], [Description], [Title])
VALUES (@p0, @p1, @p2);
2024-12-23 17:30:08.773 +03:00 [INF] User profile is available. Using 'C:\Users\eugenyshevtsov\AppData\Local\ASP.NET\DataProtection-Keys' as key repository and Windows DPAPI to encrypt keys at rest.
2024-12-23 17:30:09.375 +03:00 [INF] Now listening on: http://localhost:5001
2024-12-23 17:30:09.381 +03:00 [INF] Application started. Press Ctrl+C to shut down.
2024-12-23 17:30:09.382 +03:00 [INF] Hosting environment: Development
2024-12-23 17:30:09.382 +03:00 [INF] Content root path: E:\NEED\C#\Innowise\InnoShop\InnoShopV2\InnoShop.ProductManagement\ProductManagement.Presentation
2024-12-23 17:30:12.955 +03:00 [INF] Request starting HTTP/1.1 GET http://localhost:5001/swagger/index.html - null null
2024-12-23 17:30:16.547 +03:00 [INF] Request finished HTTP/1.1 GET http://localhost:5001/swagger/index.html - 200 null text/html;charset=utf-8 3622.5463ms
2024-12-23 17:30:16.932 +03:00 [INF] Request starting HTTP/1.1 GET http://localhost:5001/_framework/aspnetcore-browser-refresh.js - null null
2024-12-23 17:30:16.967 +03:00 [INF] Request finished HTTP/1.1 GET http://localhost:5001/_framework/aspnetcore-browser-refresh.js - 200 13796 application/javascript; charset=utf-8 46.6636ms
2024-12-23 17:30:16.990 +03:00 [INF] Request starting HTTP/1.1 GET http://localhost:5001/swagger/index.js - null null
2024-12-23 17:30:17.004 +03:00 [INF] Request finished HTTP/1.1 GET http://localhost:5001/swagger/index.js - 200 null application/javascript;charset=utf-8 13.9168ms
2024-12-23 17:30:17.006 +03:00 [INF] Request starting HTTP/1.1 GET http://localhost:5001/_vs/browserLink - null null
2024-12-23 17:30:17.421 +03:00 [INF] Request finished HTTP/1.1 GET http://localhost:5001/_vs/browserLink - 200 null text/javascript; charset=UTF-8 414.8563ms
2024-12-23 17:30:17.872 +03:00 [INF] Request starting HTTP/1.1 GET http://localhost:5001/swagger/v1/swagger.json - null null
2024-12-23 17:30:18.405 +03:00 [INF] Request finished HTTP/1.1 GET http://localhost:5001/swagger/v1/swagger.json - 200 null application/json;charset=utf-8 533.4952ms
2024-12-23 17:30:47.470 +03:00 [INF] Request starting HTTP/1.1 POST http://localhost:5001/api/Category - application/json 65
2024-12-23 17:30:47.491 +03:00 [WRN] Failed to determine the https port for redirect.
2024-12-23 17:30:47.618 +03:00 [INF] Executing endpoint 'ProductManagement.Presentation.Controllers.CategoryController.AddCatigory (ProductManagement.Presentation)'
2024-12-23 17:30:47.707 +03:00 [INF] Route matched with {action = "AddCatigory", controller = "Category"}. Executing controller action with signature System.Threading.Tasks.Task`1[Microsoft.AspNetCore.Mvc.ActionResult`1[InnoShop.CommonLibrary.Response.Response]] AddCatigory(ProductManagement.Application.DTOs.CategoryDTO) on controller ProductManagement.Presentation.Controllers.CategoryController (ProductManagement.Presentation).
2024-12-23 17:30:57.640 +03:00 [WRN] No store type was specified for the decimal property 'Price' on entity type 'Product'. This will cause values to be silently truncated if they do not fit in the default precision and scale. Explicitly specify the SQL server column type that can accommodate all the values in 'OnModelCreating' using 'HasColumnType', specify precision and scale using 'HasPrecision', or configure a value converter using 'HasConversion'.
2024-12-23 17:30:59.634 +03:00 [INF] Executed DbCommand (125ms) [Parameters=[@p0='?' (DbType = Guid), @p1='?' (Size = 4000), @p2='?' (Size = 4000)], CommandType='"Text"', CommandTimeout='30']
SET IMPLICIT_TRANSACTIONS OFF;
SET NOCOUNT ON;
INSERT INTO [Categories] ([Id], [Description], [Title])
VALUES (@p0, @p1, @p2);
2024-12-23 17:31:06.240 +03:00 [INF] Executing OkObjectResult, writing value of type 'InnoShop.CommonLibrary.Response.Response'.
2024-12-23 17:31:06.295 +03:00 [INF] Executed action ProductManagement.Presentation.Controllers.CategoryController.AddCatigory (ProductManagement.Presentation) in 18572.3928ms
2024-12-23 17:31:06.296 +03:00 [INF] Executed endpoint 'ProductManagement.Presentation.Controllers.CategoryController.AddCatigory (ProductManagement.Presentation)'
2024-12-23 17:31:17.930 +03:00 [INF] Request finished HTTP/1.1 POST http://localhost:5001/api/Category - 200 null application/json; charset=utf-8 30461.7323ms
2024-12-23 17:34:20.279 +03:00 [INF] User profile is available. Using 'C:\Users\eugenyshevtsov\AppData\Local\ASP.NET\DataProtection-Keys' as key repository and Windows DPAPI to encrypt keys at rest.
2024-12-23 17:34:21.489 +03:00 [INF] Now listening on: http://localhost:5001
2024-12-23 17:34:21.498 +03:00 [INF] Application started. Press Ctrl+C to shut down.
2024-12-23 17:34:21.500 +03:00 [INF] Hosting environment: Development
2024-12-23 17:34:21.500 +03:00 [INF] Content root path: E:\NEED\C#\Innowise\InnoShop\InnoShopV2\InnoShop.ProductManagement\ProductManagement.Presentation
2024-12-23 17:34:24.833 +03:00 [INF] Request starting HTTP/1.1 GET http://localhost:5001/swagger/index.html - null null
2024-12-23 17:34:26.323 +03:00 [INF] Request finished HTTP/1.1 GET http://localhost:5001/swagger/index.html - 200 null text/html;charset=utf-8 1536.6054ms
2024-12-23 17:34:51.454 +03:00 [INF] Request starting HTTP/1.1 GET http://localhost:5001/_framework/aspnetcore-browser-refresh.js - null null
2024-12-23 17:34:51.474 +03:00 [INF] Request starting HTTP/1.1 GET http://localhost:5001/swagger/index.js - null null
2024-12-23 17:34:51.481 +03:00 [INF] Request finished HTTP/1.1 GET http://localhost:5001/swagger/index.js - 200 null application/javascript;charset=utf-8 6.7293ms
2024-12-23 17:34:51.494 +03:00 [INF] Request finished HTTP/1.1 GET http://localhost:5001/_framework/aspnetcore-browser-refresh.js - 200 13796 application/javascript; charset=utf-8 49.3606ms
2024-12-23 17:34:51.501 +03:00 [INF] Request starting HTTP/1.1 GET http://localhost:5001/_vs/browserLink - null null
2024-12-23 17:34:52.593 +03:00 [INF] Request finished HTTP/1.1 GET http://localhost:5001/_vs/browserLink - 200 null text/javascript; charset=UTF-8 1091.4141ms
2024-12-23 17:34:55.677 +03:00 [INF] Request starting HTTP/1.1 GET http://localhost:5001/swagger/v1/swagger.json - null null
2024-12-23 17:34:56.376 +03:00 [INF] Request finished HTTP/1.1 GET http://localhost:5001/swagger/v1/swagger.json - 200 null application/json;charset=utf-8 699.2047ms
2024-12-23 17:35:17.306 +03:00 [INF] Request starting HTTP/1.1 POST http://localhost:5001/api/Category - application/json 64
2024-12-23 17:35:17.320 +03:00 [WRN] Failed to determine the https port for redirect.
2024-12-23 17:35:17.456 +03:00 [INF] Executing endpoint 'ProductManagement.Presentation.Controllers.CategoryController.AddCatigory (ProductManagement.Presentation)'
2024-12-23 17:35:17.501 +03:00 [INF] Route matched with {action = "AddCatigory", controller = "Category"}. Executing controller action with signature System.Threading.Tasks.Task`1[Microsoft.AspNetCore.Mvc.IActionResult] AddCatigory(ProductManagement.Application.DTOs.CategoryDTO) on controller ProductManagement.Presentation.Controllers.CategoryController (ProductManagement.Presentation).
2024-12-23 17:35:25.187 +03:00 [WRN] No store type was specified for the decimal property 'Price' on entity type 'Product'. This will cause values to be silently truncated if they do not fit in the default precision and scale. Explicitly specify the SQL server column type that can accommodate all the values in 'OnModelCreating' using 'HasColumnType', specify precision and scale using 'HasPrecision', or configure a value converter using 'HasConversion'.
2024-12-23 17:35:26.576 +03:00 [INF] Executed DbCommand (72ms) [Parameters=[@p0='?' (DbType = Guid), @p1='?' (Size = 4000), @p2='?' (Size = 4000)], CommandType='"Text"', CommandTimeout='30']
SET IMPLICIT_TRANSACTIONS OFF;
SET NOCOUNT ON;
INSERT INTO [Categories] ([Id], [Description], [Title])
VALUES (@p0, @p1, @p2);
2024-12-23 17:35:41.377 +03:00 [INF] Executing OkObjectResult, writing value of type 'InnoShop.CommonLibrary.Response.Response'.
2024-12-23 17:35:41.424 +03:00 [INF] Executed action ProductManagement.Presentation.Controllers.CategoryController.AddCatigory (ProductManagement.Presentation) in 23911.7496ms
2024-12-23 17:35:41.425 +03:00 [INF] Executed endpoint 'ProductManagement.Presentation.Controllers.CategoryController.AddCatigory (ProductManagement.Presentation)'
2024-12-23 17:35:45.886 +03:00 [INF] Request finished HTTP/1.1 POST http://localhost:5001/api/Category - 200 null application/json; charset=utf-8 28579.21ms
2024-12-23 17:37:12.144 +03:00 [INF] Request starting HTTP/1.1 GET http://localhost:5001/api/Category - null null
2024-12-23 17:37:12.164 +03:00 [INF] Executing endpoint 'ProductManagement.Presentation.Controllers.CategoryController.TakeCatigories (ProductManagement.Presentation)'
2024-12-23 17:37:12.173 +03:00 [INF] Route matched with {action = "TakeCatigories", controller = "Category"}. Executing controller action with signature System.Threading.Tasks.Task`1[Microsoft.AspNetCore.Mvc.IActionResult] TakeCatigories() on controller ProductManagement.Presentation.Controllers.CategoryController (ProductManagement.Presentation).
2024-12-23 17:37:12.965 +03:00 [INF] Executed DbCommand (18ms) [Parameters=[], CommandType='"Text"', CommandTimeout='30']
SELECT [c].[Id], [c].[Description], [c].[Title]
FROM [Categories] AS [c]
2024-12-23 17:37:13.024 +03:00 [INF] Executing OkObjectResult, writing value of type 'System.Collections.Generic.List`1[[ProductManagement.Application.DTOs.CategoryDTO, ProductManagement.Application, Version=1.0.0.0, Culture=neutral, PublicKeyToken=null]]'.
2024-12-23 17:37:13.038 +03:00 [INF] Executed action ProductManagement.Presentation.Controllers.CategoryController.TakeCatigories (ProductManagement.Presentation) in 864.2252ms
2024-12-23 17:37:13.039 +03:00 [INF] Executed endpoint 'ProductManagement.Presentation.Controllers.CategoryController.TakeCatigories (ProductManagement.Presentation)'
2024-12-23 17:37:13.039 +03:00 [INF] Request finished HTTP/1.1 GET http://localhost:5001/api/Category - 200 null application/json; charset=utf-8 895.3246ms
2024-12-23 17:37:35.416 +03:00 [INF] Request starting HTTP/1.1 GET http://localhost:5001/api/Category/4652dda7-4bdf-416b-b68e-5454fd01d3a1 - null null
2024-12-23 17:37:35.426 +03:00 [INF] Executing endpoint 'ProductManagement.Presentation.Controllers.CategoryController.TakeCatigoryById (ProductManagement.Presentation)'
2024-12-23 17:37:35.444 +03:00 [INF] Route matched with {action = "TakeCatigoryById", controller = "Category"}. Executing controller action with signature System.Threading.Tasks.Task`1[Microsoft.AspNetCore.Mvc.IActionResult] TakeCatigoryById(System.Guid) on controller ProductManagement.Presentation.Controllers.CategoryController (ProductManagement.Presentation).
2024-12-23 17:37:35.548 +03:00 [INF] Executed DbCommand (6ms) [Parameters=[@__request_Id_0='?' (DbType = Guid)], CommandType='"Text"', CommandTimeout='30']
SELECT TOP(1) [c].[Id], [c].[Description], [c].[Title]
FROM [Categories] AS [c]
WHERE [c].[Id] = @__request_Id_0
2024-12-23 17:37:35.557 +03:00 [INF] Executing NotFoundObjectResult, writing value of type 'System.String'.
2024-12-23 17:37:35.558 +03:00 [INF] Executed action ProductManagement.Presentation.Controllers.CategoryController.TakeCatigoryById (ProductManagement.Presentation) in 113.8351ms
2024-12-23 17:37:35.558 +03:00 [INF] Executed endpoint 'ProductManagement.Presentation.Controllers.CategoryController.TakeCatigoryById (ProductManagement.Presentation)'
2024-12-23 17:37:35.558 +03:00 [INF] Request finished HTTP/1.1 GET http://localhost:5001/api/Category/4652dda7-4bdf-416b-b68e-5454fd01d3a1 - 404 null text/plain; charset=utf-8 142.3985ms
2024-12-23 17:38:35.146 +03:00 [INF] User profile is available. Using 'C:\Users\eugenyshevtsov\AppData\Local\ASP.NET\DataProtection-Keys' as key repository and Windows DPAPI to encrypt keys at rest.
2024-12-23 17:38:35.758 +03:00 [INF] Now listening on: http://localhost:5001
2024-12-23 17:38:35.765 +03:00 [INF] Application started. Press Ctrl+C to shut down.
2024-12-23 17:38:35.767 +03:00 [INF] Hosting environment: Development
2024-12-23 17:38:35.767 +03:00 [INF] Content root path: E:\NEED\C#\Innowise\InnoShop\InnoShopV2\InnoShop.ProductManagement\ProductManagement.Presentation
2024-12-23 17:38:40.349 +03:00 [INF] Request starting HTTP/1.1 GET http://localhost:5001/swagger/index.html - null null
2024-12-23 17:38:43.786 +03:00 [INF] Request finished HTTP/1.1 GET http://localhost:5001/swagger/index.html - 200 null text/html;charset=utf-8 3465.9174ms
2024-12-23 17:38:44.131 +03:00 [INF] Request starting HTTP/1.1 GET http://localhost:5001/swagger/index.js - null null
2024-12-23 17:38:44.182 +03:00 [INF] Request starting HTTP/1.1 GET http://localhost:5001/_vs/browserLink - null null
2024-12-23 17:38:44.185 +03:00 [INF] Request finished HTTP/1.1 GET http://localhost:5001/swagger/index.js - 200 null application/javascript;charset=utf-8 54.5217ms
2024-12-23 17:38:44.428 +03:00 [INF] Request starting HTTP/1.1 GET http://localhost:5001/_framework/aspnetcore-browser-refresh.js - null null
2024-12-23 17:38:44.439 +03:00 [INF] Request finished HTTP/1.1 GET http://localhost:5001/_framework/aspnetcore-browser-refresh.js - 200 13796 application/javascript; charset=utf-8 307.7066ms
2024-12-23 17:38:44.767 +03:00 [INF] Request finished HTTP/1.1 GET http://localhost:5001/_vs/browserLink - 200 null text/javascript; charset=UTF-8 584.0793ms
2024-12-23 17:38:45.071 +03:00 [INF] Request starting HTTP/1.1 GET http://localhost:5001/swagger/v1/swagger.json - null null
2024-12-23 17:38:45.819 +03:00 [INF] Request finished HTTP/1.1 GET http://localhost:5001/swagger/v1/swagger.json - 200 null application/json;charset=utf-8 747.7838ms
2024-12-23 17:38:53.732 +03:00 [INF] Request starting HTTP/1.1 GET http://localhost:5001/api/Category/4652dda7-4bdf-416b-b68e-5454fd01d3a1 - null null
2024-12-23 17:38:53.757 +03:00 [WRN] Failed to determine the https port for redirect.
2024-12-23 17:38:53.911 +03:00 [INF] Executing endpoint 'ProductManagement.Presentation.Controllers.CategoryController.TakeCatigoryById (ProductManagement.Presentation)'
2024-12-23 17:38:53.969 +03:00 [INF] Route matched with {action = "TakeCatigoryById", controller = "Category"}. Executing controller action with signature System.Threading.Tasks.Task`1[Microsoft.AspNetCore.Mvc.IActionResult] TakeCatigoryById(System.Guid) on controller ProductManagement.Presentation.Controllers.CategoryController (ProductManagement.Presentation).
2024-12-23 17:38:55.813 +03:00 [WRN] No store type was specified for the decimal property 'Price' on entity type 'Product'. This will cause values to be silently truncated if they do not fit in the default precision and scale. Explicitly specify the SQL server column type that can accommodate all the values in 'OnModelCreating' using 'HasColumnType', specify precision and scale using 'HasPrecision', or configure a value converter using 'HasConversion'.
2024-12-23 17:38:57.494 +03:00 [INF] Executed DbCommand (99ms) [Parameters=[@__request_Id_0='?' (DbType = Guid)], CommandType='"Text"', CommandTimeout='30']
SELECT TOP(1) [c].[Id], [c].[Description], [c].[Title]
FROM [Categories] AS [c]
WHERE [c].[Id] = @__request_Id_0
2024-12-23 17:38:57.591 +03:00 [INF] Executing OkObjectResult, writing value of type 'ProductManagement.Application.DTOs.CategoryDTO'.
2024-12-23 17:38:57.636 +03:00 [INF] Executed action ProductManagement.Presentation.Controllers.CategoryController.TakeCatigoryById (ProductManagement.Presentation) in 3658.4174ms
2024-12-23 17:38:57.640 +03:00 [INF] Executed endpoint 'ProductManagement.Presentation.Controllers.CategoryController.TakeCatigoryById (ProductManagement.Presentation)'
2024-12-23 17:38:57.667 +03:00 [INF] Request finished HTTP/1.1 GET http://localhost:5001/api/Category/4652dda7-4bdf-416b-b68e-5454fd01d3a1 - 200 null application/json; charset=utf-8 3935.2408ms
2024-12-23 17:39:08.900 +03:00 [INF] Request starting HTTP/1.1 DELETE http://localhost:5001/api/Category/4652dda7-4bdf-416b-b68e-5454fd01d3a1 - null null
2024-12-23 17:39:08.910 +03:00 [INF] Executing endpoint 'ProductManagement.Presentation.Controllers.CategoryController.DeleteCatigoryById (ProductManagement.Presentation)'
2024-12-23 17:39:08.924 +03:00 [INF] Route matched with {action = "DeleteCatigoryById", controller = "Category"}. Executing controller action with signature System.Threading.Tasks.Task`1[Microsoft.AspNetCore.Mvc.IActionResult] DeleteCatigoryById(System.Guid) on controller ProductManagement.Presentation.Controllers.CategoryController (ProductManagement.Presentation).
2024-12-23 17:39:09.244 +03:00 [INF] Executed DbCommand (15ms) [Parameters=[@__p_0='?' (DbType = Guid)], CommandType='"Text"', CommandTimeout='30']
SELECT TOP(1) [c].[Id], [c].[Description], [c].[Title]
FROM [Categories] AS [c]
WHERE [c].[Id] = @__p_0
2024-12-23 17:39:09.765 +03:00 [INF] Executed DbCommand (65ms) [Parameters=[@p0='?' (DbType = Guid)], CommandType='"Text"', CommandTimeout='30']
SET IMPLICIT_TRANSACTIONS OFF;
SET NOCOUNT ON;
DELETE FROM [Categories]
OUTPUT 1
WHERE [Id] = @p0;
2024-12-23 17:39:09.807 +03:00 [INF] Executing OkObjectResult, writing value of type 'InnoShop.CommonLibrary.Response.Response'.
2024-12-23 17:39:09.820 +03:00 [INF] Executed action ProductManagement.Presentation.Controllers.CategoryController.DeleteCatigoryById (ProductManagement.Presentation) in 895.9982ms
2024-12-23 17:39:09.821 +03:00 [INF] Executed endpoint 'ProductManagement.Presentation.Controllers.CategoryController.DeleteCatigoryById (ProductManagement.Presentation)'
2024-12-23 17:39:09.826 +03:00 [INF] Request finished HTTP/1.1 DELETE http://localhost:5001/api/Category/4652dda7-4bdf-416b-b68e-5454fd01d3a1 - 200 null application/json; charset=utf-8 925.9281ms
2024-12-23 17:39:21.032 +03:00 [INF] Request starting HTTP/1.1 GET http://localhost:5001/api/Category - null null
2024-12-23 17:39:21.037 +03:00 [INF] Executing endpoint 'ProductManagement.Presentation.Controllers.CategoryController.TakeCatigories (ProductManagement.Presentation)'
2024-12-23 17:39:21.048 +03:00 [INF] Route matched with {action = "TakeCatigories", controller = "Category"}. Executing controller action with signature System.Threading.Tasks.Task`1[Microsoft.AspNetCore.Mvc.IActionResult] TakeCatigories() on controller ProductManagement.Presentation.Controllers.CategoryController (ProductManagement.Presentation).
2024-12-23 17:39:21.227 +03:00 [INF] Executed DbCommand (3ms) [Parameters=[], CommandType='"Text"', CommandTimeout='30']
SELECT [c].[Id], [c].[Description], [c].[Title]
FROM [Categories] AS [c]
2024-12-23 17:39:21.231 +03:00 [INF] Executing OkObjectResult, writing value of type 'System.Collections.Generic.List`1[[ProductManagement.Application.DTOs.CategoryDTO, ProductManagement.Application, Version=1.0.0.0, Culture=neutral, PublicKeyToken=null]]'.
2024-12-23 17:39:21.245 +03:00 [INF] Executed action ProductManagement.Presentation.Controllers.CategoryController.TakeCatigories (ProductManagement.Presentation) in 196.3145ms
2024-12-23 17:39:21.245 +03:00 [INF] Executed endpoint 'ProductManagement.Presentation.Controllers.CategoryController.TakeCatigories (ProductManagement.Presentation)'
2024-12-23 17:39:21.245 +03:00 [INF] Request finished HTTP/1.1 GET http://localhost:5001/api/Category - 200 null application/json; charset=utf-8 213.808ms
2024-12-23 17:52:24.781 +03:00 [INF] User profile is available. Using 'C:\Users\eugenyshevtsov\AppData\Local\ASP.NET\DataProtection-Keys' as key repository and Windows DPAPI to encrypt keys at rest.
2024-12-23 17:52:25.517 +03:00 [INF] Now listening on: http://localhost:5001
2024-12-23 17:52:25.531 +03:00 [INF] Application started. Press Ctrl+C to shut down.
2024-12-23 17:52:25.532 +03:00 [INF] Hosting environment: Development
2024-12-23 17:52:25.532 +03:00 [INF] Content root path: E:\NEED\C#\Innowise\InnoShop\InnoShopV2\InnoShop.ProductManagement\ProductManagement.Presentation
2024-12-23 17:52:30.699 +03:00 [INF] Request starting HTTP/1.1 GET http://localhost:5001/swagger/index.html - null null
2024-12-23 17:52:34.829 +03:00 [INF] Request finished HTTP/1.1 GET http://localhost:5001/swagger/index.html - 200 null text/html;charset=utf-8 4164.7424ms
2024-12-23 17:52:35.371 +03:00 [INF] Request starting HTTP/1.1 GET http://localhost:5001/_framework/aspnetcore-browser-refresh.js - null null
2024-12-23 17:52:35.384 +03:00 [INF] Request finished HTTP/1.1 GET http://localhost:5001/_framework/aspnetcore-browser-refresh.js - 200 13796 application/javascript; charset=utf-8 16.1037ms
2024-12-23 17:52:35.406 +03:00 [INF] Request starting HTTP/1.1 GET http://localhost:5001/swagger/index.js - null null
2024-12-23 17:52:35.418 +03:00 [INF] Request finished HTTP/1.1 GET http://localhost:5001/swagger/index.js - 200 null application/javascript;charset=utf-8 12.7426ms
2024-12-23 17:52:35.903 +03:00 [INF] Request starting HTTP/1.1 GET http://localhost:5001/_vs/browserLink - null null
2024-12-23 17:52:36.132 +03:00 [INF] Request finished HTTP/1.1 GET http://localhost:5001/_vs/browserLink - 200 null text/javascript; charset=UTF-8 228.8304ms
2024-12-23 17:52:36.339 +03:00 [INF] Request starting HTTP/1.1 GET http://localhost:5001/swagger/v1/swagger.json - null null
2024-12-23 17:52:37.419 +03:00 [INF] Request finished HTTP/1.1 GET http://localhost:5001/swagger/v1/swagger.json - 200 null application/json;charset=utf-8 1079.6582ms
2024-12-23 17:52:55.573 +03:00 [INF] Request starting HTTP/1.1 POST http://localhost:5001/api/Category - application/json 58
2024-12-23 17:52:55.590 +03:00 [WRN] Failed to determine the https port for redirect.
2024-12-23 17:52:55.904 +03:00 [INF] Executing endpoint 'ProductManagement.Presentation.Controllers.CategoryController.AddCatigory (ProductManagement.Presentation)'
2024-12-23 17:52:56.067 +03:00 [INF] Route matched with {action = "AddCatigory", controller = "Category"}. Executing controller action with signature System.Threading.Tasks.Task`1[Microsoft.AspNetCore.Mvc.IActionResult] AddCatigory(ProductManagement.Application.DTOs.CategoryDTO) on controller ProductManagement.Presentation.Controllers.CategoryController (ProductManagement.Presentation).
2024-12-23 17:53:04.247 +03:00 [WRN] No store type was specified for the decimal property 'Price' on entity type 'Product'. This will cause values to be silently truncated if they do not fit in the default precision and scale. Explicitly specify the SQL server column type that can accommodate all the values in 'OnModelCreating' using 'HasColumnType', specify precision and scale using 'HasPrecision', or configure a value converter using 'HasConversion'.
2024-12-23 17:53:06.481 +03:00 [INF] Executed DbCommand (184ms) [Parameters=[@p0='?' (DbType = Guid), @p1='?' (Size = 4000), @p2='?' (Size = 4000)], CommandType='"Text"', CommandTimeout='30']
SET IMPLICIT_TRANSACTIONS OFF;
SET NOCOUNT ON;
INSERT INTO [Categories] ([Id], [Description], [Title])
VALUES (@p0, @p1, @p2);
2024-12-23 17:54:10.719 +03:00 [INF] Executing OkObjectResult, writing value of type 'InnoShop.CommonLibrary.Response.Response'.
2024-12-23 17:54:10.762 +03:00 [INF] Executed action ProductManagement.Presentation.Controllers.CategoryController.AddCatigory (ProductManagement.Presentation) in 74682.466ms
2024-12-23 17:54:10.763 +03:00 [INF] Executed endpoint 'ProductManagement.Presentation.Controllers.CategoryController.AddCatigory (ProductManagement.Presentation)'
2024-12-23 17:54:10.816 +03:00 [INF] Request finished HTTP/1.1 POST http://localhost:5001/api/Category - 200 null application/json; charset=utf-8 75242.1841ms
2024-12-23 17:54:12.011 +03:00 [INF] Request starting HTTP/1.1 GET http://localhost:5001/swagger/index.html - null null
2024-12-23 17:54:12.084 +03:00 [INF] Request finished HTTP/1.1 GET http://localhost:5001/swagger/index.html - 200 null text/html;charset=utf-8 73.1868ms
2024-12-23 17:54:12.278 +03:00 [INF] Request starting HTTP/1.1 GET http://localhost:5001/_framework/aspnetcore-browser-refresh.js - null null
2024-12-23 17:54:12.278 +03:00 [INF] Request finished HTTP/1.1 GET http://localhost:5001/_framework/aspnetcore-browser-refresh.js - 200 13796 application/javascript; charset=utf-8 0.5329ms
2024-12-23 17:54:12.279 +03:00 [INF] Request starting HTTP/1.1 GET http://localhost:5001/swagger/index.js - null null
2024-12-23 17:54:12.280 +03:00 [INF] Request finished HTTP/1.1 GET http://localhost:5001/swagger/index.js - 200 null application/javascript;charset=utf-8 0.76ms
2024-12-23 17:54:12.280 +03:00 [INF] Request starting HTTP/1.1 GET http://localhost:5001/_vs/browserLink - null null
2024-12-23 17:54:12.382 +03:00 [INF] Request finished HTTP/1.1 GET http://localhost:5001/_vs/browserLink - 200 null text/javascript; charset=UTF-8 101.5849ms
2024-12-23 17:54:12.624 +03:00 [INF] Request starting HTTP/1.1 GET http://localhost:5001/swagger/v1/swagger.json - null null
2024-12-23 17:54:12.679 +03:00 [INF] Request finished HTTP/1.1 GET http://localhost:5001/swagger/v1/swagger.json - 200 null application/json;charset=utf-8 55.1359ms
2024-12-23 17:57:56.138 +03:00 [INF] User profile is available. Using 'C:\Users\eugenyshevtsov\AppData\Local\ASP.NET\DataProtection-Keys' as key repository and Windows DPAPI to encrypt keys at rest.
2024-12-23 17:57:56.921 +03:00 [INF] Now listening on: http://localhost:5001
2024-12-23 17:57:56.927 +03:00 [INF] Application started. Press Ctrl+C to shut down.
2024-12-23 17:57:56.929 +03:00 [INF] Hosting environment: Development
2024-12-23 17:57:56.929 +03:00 [INF] Content root path: E:\NEED\C#\Innowise\InnoShop\InnoShopV2\InnoShop.ProductManagement\ProductManagement.Presentation
2024-12-23 17:57:59.588 +03:00 [INF] Request starting HTTP/1.1 GET http://localhost:5001/swagger/index.html - null null
2024-12-23 17:58:01.445 +03:00 [INF] Request finished HTTP/1.1 GET http://localhost:5001/swagger/index.html - 200 null text/html;charset=utf-8 1887.9558ms
2024-12-23 17:58:02.145 +03:00 [INF] Request starting HTTP/1.1 GET http://localhost:5001/_framework/aspnetcore-browser-refresh.js - null null
2024-12-23 17:58:02.160 +03:00 [INF] Request finished HTTP/1.1 GET http://localhost:5001/_framework/aspnetcore-browser-refresh.js - 200 13796 application/javascript; charset=utf-8 16.3814ms
2024-12-23 17:58:02.161 +03:00 [INF] Request starting HTTP/1.1 GET http://localhost:5001/swagger/index.js - null null
2024-12-23 17:58:02.170 +03:00 [INF] Request finished HTTP/1.1 GET http://localhost:5001/swagger/index.js - 200 null application/javascript;charset=utf-8 8.9302ms
2024-12-23 17:58:02.171 +03:00 [INF] Request starting HTTP/1.1 GET http://localhost:5001/_vs/browserLink - null null
2024-12-23 17:58:04.195 +03:00 [INF] Request finished HTTP/1.1 GET http://localhost:5001/_vs/browserLink - 200 null text/javascript; charset=UTF-8 2024.1107ms
2024-12-23 17:58:04.595 +03:00 [INF] Request starting HTTP/1.1 GET http://localhost:5001/swagger/v1/swagger.json - null null
2024-12-23 17:58:05.363 +03:00 [INF] Request finished HTTP/1.1 GET http://localhost:5001/swagger/v1/swagger.json - 200 null application/json;charset=utf-8 767.8761ms
2024-12-23 17:58:27.011 +03:00 [INF] Request starting HTTP/1.1 POST http://localhost:5001/api/Category - application/json 64
2024-12-23 17:58:27.523 +03:00 [WRN] Failed to determine the https port for redirect.
2024-12-23 17:58:27.697 +03:00 [INF] Executing endpoint 'ProductManagement.Presentation.Controllers.CategoryController.AddCatigory (ProductManagement.Presentation)'
2024-12-23 17:58:27.747 +03:00 [INF] Route matched with {action = "AddCatigory", controller = "Category"}. Executing controller action with signature System.Threading.Tasks.Task`1[Microsoft.AspNetCore.Mvc.IActionResult] AddCatigory(ProductManagement.Application.DTOs.CategoryDTO) on controller ProductManagement.Presentation.Controllers.CategoryController (ProductManagement.Presentation).
2024-12-23 17:59:03.313 +03:00 [WRN] No store type was specified for the decimal property 'Price' on entity type 'Product'. This will cause values to be silently truncated if they do not fit in the default precision and scale. Explicitly specify the SQL server column type that can accommodate all the values in 'OnModelCreating' using 'HasColumnType', specify precision and scale using 'HasPrecision', or configure a value converter using 'HasConversion'.
2024-12-23 17:59:10.510 +03:00 [INF] Executed DbCommand (125ms) [Parameters=[@p0='?' (DbType = Guid), @p1='?' (Size = 4000), @p2='?' (Size = 4000)], CommandType='"Text"', CommandTimeout='30']
SET IMPLICIT_TRANSACTIONS OFF;
SET NOCOUNT ON;
INSERT INTO [Categories] ([Id], [Description], [Title])
VALUES (@p0, @p1, @p2);
2024-12-23 17:59:55.296 +03:00 [INF] Executing OkObjectResult, writing value of type 'InnoShop.CommonLibrary.Response.Response'.
2024-12-23 18:00:08.344 +03:00 [INF] Executed action ProductManagement.Presentation.Controllers.CategoryController.AddCatigory (ProductManagement.Presentation) in 100584.5658ms
2024-12-23 18:00:08.345 +03:00 [INF] Executed endpoint 'ProductManagement.Presentation.Controllers.CategoryController.AddCatigory (ProductManagement.Presentation)'
2024-12-23 18:00:12.564 +03:00 [INF] Request finished HTTP/1.1 POST http://localhost:5001/api/Category - 200 null application/json; charset=utf-8 105551.2772ms
2024-12-23 18:00:32.330 +03:00 [INF] Request starting HTTP/1.1 GET http://localhost:5001/api/Category - null null
2024-12-23 18:00:32.349 +03:00 [INF] Executing endpoint 'ProductManagement.Presentation.Controllers.CategoryController.TakeCatigories (ProductManagement.Presentation)'
2024-12-23 18:00:32.373 +03:00 [INF] Route matched with {action = "TakeCatigories", controller = "Category"}. Executing controller action with signature System.Threading.Tasks.Task`1[Microsoft.AspNetCore.Mvc.IActionResult] TakeCatigories() on controller ProductManagement.Presentation.Controllers.CategoryController (ProductManagement.Presentation).
2024-12-23 18:00:33.709 +03:00 [INF] Executed DbCommand (20ms) [Parameters=[], CommandType='"Text"', CommandTimeout='30']
SELECT [c].[Id], [c].[Description], [c].[Title]
FROM [Categories] AS [c]
2024-12-23 18:00:33.779 +03:00 [INF] Executing OkObjectResult, writing value of type 'System.Collections.Generic.List`1[[ProductManagement.Application.DTOs.CategoryDTO, ProductManagement.Application, Version=1.0.0.0, Culture=neutral, PublicKeyToken=null]]'.
2024-12-23 18:00:33.796 +03:00 [INF] Executed action ProductManagement.Presentation.Controllers.CategoryController.TakeCatigories (ProductManagement.Presentation) in 1422.648ms
2024-12-23 18:00:33.796 +03:00 [INF] Executed endpoint 'ProductManagement.Presentation.Controllers.CategoryController.TakeCatigories (ProductManagement.Presentation)'
2024-12-23 18:00:33.797 +03:00 [INF] Request finished HTTP/1.1 GET http://localhost:5001/api/Category - 200 null application/json; charset=utf-8 1467.4745ms
2024-12-23 18:00:53.612 +03:00 [INF] Request starting HTTP/1.1 GET http://localhost:5001/api/Category/1ac9a554-52f3-45da-ad5f-795b7e18aeb9 - null null
2024-12-23 18:00:53.618 +03:00 [INF] Executing endpoint 'ProductManagement.Presentation.Controllers.CategoryController.TakeCatigoryById (ProductManagement.Presentation)'
2024-12-23 18:00:53.632 +03:00 [INF] Route matched with {action = "TakeCatigoryById", controller = "Category"}. Executing controller action with signature System.Threading.Tasks.Task`1[Microsoft.AspNetCore.Mvc.IActionResult] TakeCatigoryById(System.Guid) on controller ProductManagement.Presentation.Controllers.CategoryController (ProductManagement.Presentation).
2024-12-23 18:00:53.920 +03:00 [INF] Executed DbCommand (11ms) [Parameters=[@__request_Id_0='?' (DbType = Guid)], CommandType='"Text"', CommandTimeout='30']
SELECT TOP(1) [c].[Id], [c].[Description], [c].[Title]
FROM [Categories] AS [c]
WHERE [c].[Id] = @__request_Id_0
2024-12-23 18:00:53.930 +03:00 [INF] Executing OkObjectResult, writing value of type 'ProductManagement.Application.DTOs.CategoryDTO'.
2024-12-23 18:00:53.931 +03:00 [INF] Executed action ProductManagement.Presentation.Controllers.CategoryController.TakeCatigoryById (ProductManagement.Presentation) in 298.9375ms
2024-12-23 18:00:53.931 +03:00 [INF] Executed endpoint 'ProductManagement.Presentation.Controllers.CategoryController.TakeCatigoryById (ProductManagement.Presentation)'
2024-12-23 18:00:53.931 +03:00 [INF] Request finished HTTP/1.1 GET http://localhost:5001/api/Category/1ac9a554-52f3-45da-ad5f-795b7e18aeb9 - 200 null application/json; charset=utf-8 320.0186ms
2024-12-23 18:01:00.577 +03:00 [INF] Request starting HTTP/1.1 GET http://localhost:5001/api/Category/1ac9a554-52f3-45da-ad5f-795b7e18aeb1 - null null
2024-12-23 18:01:00.578 +03:00 [INF] Executing endpoint 'ProductManagement.Presentation.Controllers.CategoryController.TakeCatigoryById (ProductManagement.Presentation)'
2024-12-23 18:01:00.578 +03:00 [INF] Route matched with {action = "TakeCatigoryById", controller = "Category"}. Executing controller action with signature System.Threading.Tasks.Task`1[Microsoft.AspNetCore.Mvc.IActionResult] TakeCatigoryById(System.Guid) on controller ProductManagement.Presentation.Controllers.CategoryController (ProductManagement.Presentation).
2024-12-23 18:01:00.607 +03:00 [INF] Executed DbCommand (12ms) [Parameters=[@__request_Id_0='?' (DbType = Guid)], CommandType='"Text"', CommandTimeout='30']
SELECT TOP(1) [c].[Id], [c].[Description], [c].[Title]
FROM [Categories] AS [c]
WHERE [c].[Id] = @__request_Id_0
2024-12-23 18:01:00.617 +03:00 [INF] Executing NotFoundObjectResult, writing value of type 'System.String'.
2024-12-23 18:01:00.621 +03:00 [INF] Executed action ProductManagement.Presentation.Controllers.CategoryController.TakeCatigoryById (ProductManagement.Presentation) in 42.453ms
2024-12-23 18:01:00.621 +03:00 [INF] Executed endpoint 'ProductManagement.Presentation.Controllers.CategoryController.TakeCatigoryById (ProductManagement.Presentation)'
2024-12-23 18:01:00.622 +03:00 [INF] Request finished HTTP/1.1 GET http://localhost:5001/api/Category/1ac9a554-52f3-45da-ad5f-795b7e18aeb1 - 404 null text/plain; charset=utf-8 45.3003ms
2024-12-23 18:01:29.175 +03:00 [INF] Request starting HTTP/1.1 DELETE http://localhost:5001/api/Category/1ac9a554-52f3-45da-ad5f-795b7e18aeb8 - null null
2024-12-23 18:01:29.176 +03:00 [INF] Executing endpoint 'ProductManagement.Presentation.Controllers.CategoryController.DeleteCatigoryById (ProductManagement.Presentation)'
2024-12-23 18:01:29.210 +03:00 [INF] Route matched with {action = "DeleteCatigoryById", controller = "Category"}. Executing controller action with signature System.Threading.Tasks.Task`1[Microsoft.AspNetCore.Mvc.IActionResult] DeleteCatigoryById(System.Guid) on controller ProductManagement.Presentation.Controllers.CategoryController (ProductManagement.Presentation).
2024-12-23 18:01:29.295 +03:00 [INF] Executed DbCommand (6ms) [Parameters=[@__p_0='?' (DbType = Guid)], CommandType='"Text"', CommandTimeout='30']
SELECT TOP(1) [c].[Id], [c].[Description], [c].[Title]
FROM [Categories] AS [c]
WHERE [c].[Id] = @__p_0
2024-12-23 18:01:29.302 +03:00 [INF] Executing OkObjectResult, writing value of type 'InnoShop.CommonLibrary.Response.Response'.
2024-12-23 18:01:29.303 +03:00 [INF] Executed action ProductManagement.Presentation.Controllers.CategoryController.DeleteCatigoryById (ProductManagement.Presentation) in 92.9202ms
2024-12-23 18:01:29.303 +03:00 [INF] Executed endpoint 'ProductManagement.Presentation.Controllers.CategoryController.DeleteCatigoryById (ProductManagement.Presentation)'
2024-12-23 18:01:29.303 +03:00 [INF] Request finished HTTP/1.1 DELETE http://localhost:5001/api/Category/1ac9a554-52f3-45da-ad5f-795b7e18aeb8 - 200 null application/json; charset=utf-8 129.5599ms
2024-12-23 18:01:46.634 +03:00 [INF] Request starting HTTP/1.1 DELETE http://localhost:5001/api/Category/1ac9a554-52f3-45da-ad5f-795b7e18aeb9 - null null
2024-12-23 18:01:46.635 +03:00 [INF] Executing endpoint 'ProductManagement.Presentation.Controllers.CategoryController.DeleteCatigoryById (ProductManagement.Presentation)'
2024-12-23 18:01:46.635 +03:00 [INF] Route matched with {action = "DeleteCatigoryById", controller = "Category"}. Executing controller action with signature System.Threading.Tasks.Task`1[Microsoft.AspNetCore.Mvc.IActionResult] DeleteCatigoryById(System.Guid) on controller ProductManagement.Presentation.Controllers.CategoryController (ProductManagement.Presentation).
2024-12-23 18:01:46.667 +03:00 [INF] Executed DbCommand (26ms) [Parameters=[@__p_0='?' (DbType = Guid)], CommandType='"Text"', CommandTimeout='30']
SELECT TOP(1) [c].[Id], [c].[Description], [c].[Title]
FROM [Categories] AS [c]
WHERE [c].[Id] = @__p_0
2024-12-23 18:01:46.767 +03:00 [INF] Executed DbCommand (10ms) [Parameters=[@p0='?' (DbType = Guid)], CommandType='"Text"', CommandTimeout='30']
SET IMPLICIT_TRANSACTIONS OFF;
SET NOCOUNT ON;
DELETE FROM [Categories]
OUTPUT 1
WHERE [Id] = @p0;
2024-12-23 18:01:46.779 +03:00 [INF] Executing OkObjectResult, writing value of type 'InnoShop.CommonLibrary.Response.Response'.
2024-12-23 18:01:46.779 +03:00 [INF] Executed action ProductManagement.Presentation.Controllers.CategoryController.DeleteCatigoryById (ProductManagement.Presentation) in 144.358ms
2024-12-23 18:01:46.779 +03:00 [INF] Executed endpoint 'ProductManagement.Presentation.Controllers.CategoryController.DeleteCatigoryById (ProductManagement.Presentation)'
2024-12-23 18:01:46.780 +03:00 [INF] Request finished HTTP/1.1 DELETE http://localhost:5001/api/Category/1ac9a554-52f3-45da-ad5f-795b7e18aeb9 - 200 null application/json; charset=utf-8 145.8532ms
2024-12-23 18:02:29.257 +03:00 [INF] Request starting HTTP/1.1 PUT http://localhost:5001/api/Category - application/json 107
2024-12-23 18:02:29.258 +03:00 [INF] Executing endpoint 'ProductManagement.Presentation.Controllers.CategoryController.UpdateCatigory (ProductManagement.Presentation)'
2024-12-23 18:02:29.271 +03:00 [INF] Route matched with {action = "UpdateCatigory", controller = "Category"}. Executing controller action with signature System.Threading.Tasks.Task`1[Microsoft.AspNetCore.Mvc.IActionResult] UpdateCatigory(ProductManagement.Application.DTOs.CategoryDTO) on controller ProductManagement.Presentation.Controllers.CategoryController (ProductManagement.Presentation).
2024-12-23 18:02:29.310 +03:00 [INF] Executed DbCommand (8ms) [Parameters=[@p2='?' (DbType = Guid), @p0='?' (Size = 4000), @p1='?' (Size = 4000)], CommandType='"Text"', CommandTimeout='30']
SET IMPLICIT_TRANSACTIONS OFF;
SET NOCOUNT ON;
UPDATE [Categories] SET [Description] = @p0, [Title] = @p1
OUTPUT 1
WHERE [Id] = @p2;
2024-12-23 18:02:29.311 +03:00 [INF] Executing OkObjectResult, writing value of type 'InnoShop.CommonLibrary.Response.Response'.
2024-12-23 18:02:29.311 +03:00 [INF] Executed action ProductManagement.Presentation.Controllers.CategoryController.UpdateCatigory (ProductManagement.Presentation) in 40.1307ms
2024-12-23 18:02:29.311 +03:00 [INF] Executed endpoint 'ProductManagement.Presentation.Controllers.CategoryController.UpdateCatigory (ProductManagement.Presentation)'
2024-12-23 18:02:29.312 +03:00 [INF] Request finished HTTP/1.1 PUT http://localhost:5001/api/Category - 200 null application/json; charset=utf-8 54.7315ms
2024-12-23 18:02:38.741 +03:00 [INF] Request starting HTTP/1.1 GET http://localhost:5001/api/Category - null null
2024-12-23 18:02:38.742 +03:00 [INF] Executing endpoint 'ProductManagement.Presentation.Controllers.CategoryController.TakeCatigories (ProductManagement.Presentation)'
2024-12-23 18:02:38.742 +03:00 [INF] Route matched with {action = "TakeCatigories", controller = "Category"}. Executing controller action with signature System.Threading.Tasks.Task`1[Microsoft.AspNetCore.Mvc.IActionResult] TakeCatigories() on controller ProductManagement.Presentation.Controllers.CategoryController (ProductManagement.Presentation).
2024-12-23 18:02:38.758 +03:00 [INF] Executed DbCommand (11ms) [Parameters=[], CommandType='"Text"', CommandTimeout='30']
SELECT [c].[Id], [c].[Description], [c].[Title]
FROM [Categories] AS [c]
2024-12-23 18:02:38.760 +03:00 [INF] Executing OkObjectResult, writing value of type 'System.Collections.Generic.List`1[[ProductManagement.Application.DTOs.CategoryDTO, ProductManagement.Application, Version=1.0.0.0, Culture=neutral, PublicKeyToken=null]]'.
2024-12-23 18:02:38.761 +03:00 [INF] Executed action ProductManagement.Presentation.Controllers.CategoryController.TakeCatigories (ProductManagement.Presentation) in 18.6339ms
2024-12-23 18:02:38.761 +03:00 [INF] Executed endpoint 'ProductManagement.Presentation.Controllers.CategoryController.TakeCatigories (ProductManagement.Presentation)'
2024-12-23 18:02:38.761 +03:00 [INF] Request finished HTTP/1.1 GET http://localhost:5001/api/Category - 200 null application/json; charset=utf-8 20.3218ms
2024-12-23 18:03:26.568 +03:00 [INF] Request starting HTTP/1.1 GET http://localhost:5001/api/Category - null null
2024-12-23 18:03:26.568 +03:00 [INF] Executing endpoint 'ProductManagement.Presentation.Controllers.CategoryController.TakeCatigories (ProductManagement.Presentation)'
2024-12-23 18:03:26.602 +03:00 [INF] Route matched with {action = "TakeCatigories", controller = "Category"}. Executing controller action with signature System.Threading.Tasks.Task`1[Microsoft.AspNetCore.Mvc.IActionResult] TakeCatigories() on controller ProductManagement.Presentation.Controllers.CategoryController (ProductManagement.Presentation).
2024-12-23 18:03:26.620 +03:00 [INF] Executed DbCommand (4ms) [Parameters=[], CommandType='"Text"', CommandTimeout='30']
SELECT [c].[Id], [c].[Description], [c].[Title]
FROM [Categories] AS [c]
2024-12-23 18:03:26.620 +03:00 [INF] Executing OkObjectResult, writing value of type 'System.Collections.Generic.List`1[[ProductManagement.Application.DTOs.CategoryDTO, ProductManagement.Application, Version=1.0.0.0, Culture=neutral, PublicKeyToken=null]]'.
2024-12-23 18:03:26.621 +03:00 [INF] Executed action ProductManagement.Presentation.Controllers.CategoryController.TakeCatigories (ProductManagement.Presentation) in 18.9051ms
2024-12-23 18:03:26.621 +03:00 [INF] Executed endpoint 'ProductManagement.Presentation.Controllers.CategoryController.TakeCatigories (ProductManagement.Presentation)'
2024-12-23 18:03:26.621 +03:00 [INF] Request finished HTTP/1.1 GET http://localhost:5001/api/Category - 200 null application/json; charset=utf-8 54.4431ms
2024-12-23 18:03:42.609 +03:00 [INF] Request starting HTTP/1.1 GET http://localhost:5001/api/SubCategory - null null
2024-12-23 18:03:42.609 +03:00 [INF] Executing endpoint 'ProductManagement.Presentation.Controllers.SubCategoryController.TakeSubCatigories (ProductManagement.Presentation)'
2024-12-23 18:03:42.630 +03:00 [INF] Route matched with {action = "TakeSubCatigories", controller = "SubCategory"}. Executing controller action with signature System.Threading.Tasks.Task`1[Microsoft.AspNetCore.Mvc.IActionResult] TakeSubCatigories() on controller ProductManagement.Presentation.Controllers.SubCategoryController (ProductManagement.Presentation).
2024-12-23 18:03:47.719 +03:00 [INF] Executed DbCommand (24ms) [Parameters=[], CommandType='"Text"', CommandTimeout='30']
SELECT [s].[Id], [s].[CategoryId], [s].[Description], [s].[Title], [c].[Id], [c].[Description], [c].[Title]
FROM [SubCategories] AS [s]
INNER JOIN [Categories] AS [c] ON [s].[CategoryId] = [c].[Id]
2024-12-23 18:03:47.720 +03:00 [INF] Executing NotFoundObjectResult, writing value of type 'System.String'.
2024-12-23 18:03:47.720 +03:00 [INF] Executed action ProductManagement.Presentation.Controllers.SubCategoryController.TakeSubCatigories (ProductManagement.Presentation) in 5089.4662ms
2024-12-23 18:03:47.720 +03:00 [INF] Executed endpoint 'ProductManagement.Presentation.Controllers.SubCategoryController.TakeSubCatigories (ProductManagement.Presentation)'
2024-12-23 18:03:47.721 +03:00 [INF] Request finished HTTP/1.1 GET http://localhost:5001/api/SubCategory - 404 null text/plain; charset=utf-8 5112.1423ms
2024-12-23 18:04:40.102 +03:00 [INF] Request starting HTTP/1.1 POST http://localhost:5001/api/SubCategory - application/json 149
2024-12-23 18:04:40.105 +03:00 [INF] Executing endpoint 'ProductManagement.Presentation.Controllers.SubCategoryController.AddSubCatigory (ProductManagement.Presentation)'
2024-12-23 18:04:40.125 +03:00 [INF] Route matched with {action = "AddSubCatigory", controller = "SubCategory"}. Executing controller action with signature System.Threading.Tasks.Task`1[Microsoft.AspNetCore.Mvc.IActionResult] AddSubCatigory(ProductManagement.Application.DTOs.SubCategoryDTO) on controller ProductManagement.Presentation.Controllers.SubCategoryController (ProductManagement.Presentation).
2024-12-23 18:04:44.650 +03:00 [INF] Executed DbCommand (219ms) [Parameters=[@p0='?' (DbType = Guid), @p1='?' (DbType = Guid), @p2='?' (Size = 4000), @p3='?' (Size = 4000)], CommandType='"Text"', CommandTimeout='30']
SET IMPLICIT_TRANSACTIONS OFF;
SET NOCOUNT ON;
INSERT INTO [SubCategories] ([Id], [CategoryId], [Description], [Title])
VALUES (@p0, @p1, @p2, @p3);
2024-12-23 18:04:50.810 +03:00 [INF] Executing OkObjectResult, writing value of type 'InnoShop.CommonLibrary.Response.Response'.
2024-12-23 18:04:52.928 +03:00 [INF] Executed action ProductManagement.Presentation.Controllers.SubCategoryController.AddSubCatigory (ProductManagement.Presentation) in 12803.0095ms
2024-12-23 18:04:52.928 +03:00 [INF] Executed endpoint 'ProductManagement.Presentation.Controllers.SubCategoryController.AddSubCatigory (ProductManagement.Presentation)'
2024-12-23 18:04:52.928 +03:00 [INF] Request finished HTTP/1.1 POST http://localhost:5001/api/SubCategory - 200 null application/json; charset=utf-8 12831.7178ms
2024-12-23 18:05:10.345 +03:00 [INF] Request starting HTTP/1.1 POST http://localhost:5001/api/SubCategory - application/json 149
2024-12-23 18:05:10.346 +03:00 [INF] Executing endpoint 'ProductManagement.Presentation.Controllers.SubCategoryController.AddSubCatigory (ProductManagement.Presentation)'
2024-12-23 18:05:10.346 +03:00 [INF] Route matched with {action = "AddSubCatigory", controller = "SubCategory"}. Executing controller action with signature System.Threading.Tasks.Task`1[Microsoft.AspNetCore.Mvc.IActionResult] AddSubCatigory(ProductManagement.Application.DTOs.SubCategoryDTO) on controller ProductManagement.Presentation.Controllers.SubCategoryController (ProductManagement.Presentation).
2024-12-23 18:05:14.540 +03:00 [INF] Executed DbCommand (21ms) [Parameters=[@p0='?' (DbType = Guid), @p1='?' (DbType = Guid), @p2='?' (Size = 4000), @p3='?' (Size = 4000)], CommandType='"Text"', CommandTimeout='30']
SET IMPLICIT_TRANSACTIONS OFF;
SET NOCOUNT ON;
INSERT INTO [SubCategories] ([Id], [CategoryId], [Description], [Title])
VALUES (@p0, @p1, @p2, @p3);
2024-12-23 18:05:14.544 +03:00 [INF] Executing OkObjectResult, writing value of type 'InnoShop.CommonLibrary.Response.Response'.
2024-12-23 18:05:14.544 +03:00 [INF] Executed action ProductManagement.Presentation.Controllers.SubCategoryController.AddSubCatigory (ProductManagement.Presentation) in 4198.0291ms
2024-12-23 18:05:14.544 +03:00 [INF] Executed endpoint 'ProductManagement.Presentation.Controllers.SubCategoryController.AddSubCatigory (ProductManagement.Presentation)'
2024-12-23 18:05:14.544 +03:00 [INF] Request finished HTTP/1.1 POST http://localhost:5001/api/SubCategory - 200 null application/json; charset=utf-8 4199.1711ms
2024-12-23 18:06:12.535 +03:00 [INF] Request starting HTTP/1.1 GET http://localhost:5001/api/SubCategory - null null
2024-12-23 18:06:12.537 +03:00 [INF] Executing endpoint 'ProductManagement.Presentation.Controllers.SubCategoryController.TakeSubCatigories (ProductManagement.Presentation)'
2024-12-23 18:06:12.537 +03:00 [INF] Route matched with {action = "TakeSubCatigories", controller = "SubCategory"}. Executing controller action with signature System.Threading.Tasks.Task`1[Microsoft.AspNetCore.Mvc.IActionResult] TakeSubCatigories() on controller ProductManagement.Presentation.Controllers.SubCategoryController (ProductManagement.Presentation).
2024-12-23 18:06:16.449 +03:00 [INF] Executed DbCommand (13ms) [Parameters=[], CommandType='"Text"', CommandTimeout='30']
SELECT [s].[Id], [s].[CategoryId], [s].[Description], [s].[Title], [c].[Id], [c].[Description], [c].[Title]
FROM [SubCategories] AS [s]
INNER JOIN [Categories] AS [c] ON [s].[CategoryId] = [c].[Id]
2024-12-23 18:06:16.457 +03:00 [INF] Executing OkObjectResult, writing value of type 'System.Collections.Generic.List`1[[ProductManagement.Application.DTOs.SubCategoryDTO, ProductManagement.Application, Version=1.0.0.0, Culture=neutral, PublicKeyToken=null]]'.
2024-12-23 18:06:16.464 +03:00 [INF] Executed action ProductManagement.Presentation.Controllers.SubCategoryController.TakeSubCatigories (ProductManagement.Presentation) in 3926.5219ms
2024-12-23 18:06:16.464 +03:00 [INF] Executed endpoint 'ProductManagement.Presentation.Controllers.SubCategoryController.TakeSubCatigories (ProductManagement.Presentation)'
2024-12-23 18:06:16.464 +03:00 [INF] Request finished HTTP/1.1 GET http://localhost:5001/api/SubCategory - 200 null application/json; charset=utf-8 3929.0809ms
2024-12-23 18:07:08.736 +03:00 [INF] Request starting HTTP/1.1 POST http://localhost:5001/api/SubCategory - application/json 149
2024-12-23 18:07:08.738 +03:00 [INF] Executing endpoint 'ProductManagement.Presentation.Controllers.SubCategoryController.AddSubCatigory (ProductManagement.Presentation)'
2024-12-23 18:07:08.765 +03:00 [INF] Route matched with {action = "AddSubCatigory", controller = "SubCategory"}. Executing controller action with signature System.Threading.Tasks.Task`1[Microsoft.AspNetCore.Mvc.IActionResult] AddSubCatigory(ProductManagement.Application.DTOs.SubCategoryDTO) on controller ProductManagement.Presentation.Controllers.SubCategoryController (ProductManagement.Presentation).
2024-12-23 18:07:12.845 +03:00 [INF] Executed DbCommand (12ms) [Parameters=[@p0='?' (DbType = Guid), @p1='?' (DbType = Guid), @p2='?' (Size = 4000), @p3='?' (Size = 4000)], CommandType='"Text"', CommandTimeout='30']
SET IMPLICIT_TRANSACTIONS OFF;
SET NOCOUNT ON;
INSERT INTO [SubCategories] ([Id], [CategoryId], [Description], [Title])
VALUES (@p0, @p1, @p2, @p3);
2024-12-23 18:07:12.850 +03:00 [INF] Executing OkObjectResult, writing value of type 'InnoShop.CommonLibrary.Response.Response'.
2024-12-23 18:07:12.850 +03:00 [INF] Executed action ProductManagement.Presentation.Controllers.SubCategoryController.AddSubCatigory (ProductManagement.Presentation) in 4084.8923ms
2024-12-23 18:07:12.850 +03:00 [INF] Executed endpoint 'ProductManagement.Presentation.Controllers.SubCategoryController.AddSubCatigory (ProductManagement.Presentation)'
2024-12-23 18:07:12.851 +03:00 [INF] Request finished HTTP/1.1 POST http://localhost:5001/api/SubCategory - 200 null application/json; charset=utf-8 4118.6749ms
2024-12-23 18:08:14.186 +03:00 [INF] Request starting HTTP/1.1 POST http://localhost:5001/api/SubCategory - application/json 149
2024-12-23 18:08:14.187 +03:00 [INF] Executing endpoint 'ProductManagement.Presentation.Controllers.SubCategoryController.AddSubCatigory (ProductManagement.Presentation)'
2024-12-23 18:08:14.187 +03:00 [INF] Route matched with {action = "AddSubCatigory", controller = "SubCategory"}. Executing controller action with signature System.Threading.Tasks.Task`1[Microsoft.AspNetCore.Mvc.IActionResult] AddSubCatigory(ProductManagement.Application.DTOs.SubCategoryDTO) on controller ProductManagement.Presentation.Controllers.SubCategoryController (ProductManagement.Presentation).
2024-12-23 18:08:14.253 +03:00 [INF] Executed DbCommand (62ms) [Parameters=[@p0='?' (DbType = Guid), @p1='?' (DbType = Guid), @p2='?' (Size = 4000), @p3='?' (Size = 4000)], CommandType='"Text"', CommandTimeout='30']
SET IMPLICIT_TRANSACTIONS OFF;
SET NOCOUNT ON;
INSERT INTO [SubCategories] ([Id], [CategoryId], [Description], [Title])
VALUES (@p0, @p1, @p2, @p3);
2024-12-23 18:08:14.255 +03:00 [INF] Executing OkObjectResult, writing value of type 'InnoShop.CommonLibrary.Response.Response'.
2024-12-23 18:08:14.255 +03:00 [INF] Executed action ProductManagement.Presentation.Controllers.SubCategoryController.AddSubCatigory (ProductManagement.Presentation) in 67.8485ms
2024-12-23 18:08:14.255 +03:00 [INF] Executed endpoint 'ProductManagement.Presentation.Controllers.SubCategoryController.AddSubCatigory (ProductManagement.Presentation)'
2024-12-23 18:08:14.255 +03:00 [INF] Request finished HTTP/1.1 POST http://localhost:5001/api/SubCategory - 200 null application/json; charset=utf-8 69.1483ms
2024-12-23 18:08:25.967 +03:00 [INF] Request starting HTTP/1.1 GET http://localhost:5001/api/SubCategory - null null
2024-12-23 18:08:25.968 +03:00 [INF] Executing endpoint 'ProductManagement.Presentation.Controllers.SubCategoryController.TakeSubCatigories (ProductManagement.Presentation)'
2024-12-23 18:08:25.968 +03:00 [INF] Route matched with {action = "TakeSubCatigories", controller = "SubCategory"}. Executing controller action with signature System.Threading.Tasks.Task`1[Microsoft.AspNetCore.Mvc.IActionResult] TakeSubCatigories() on controller ProductManagement.Presentation.Controllers.SubCategoryController (ProductManagement.Presentation).
2024-12-23 18:08:30.315 +03:00 [INF] Executed DbCommand (10ms) [Parameters=[], CommandType='"Text"', CommandTimeout='30']
SELECT [s].[Id], [s].[CategoryId], [s].[Description], [s].[Title], [c].[Id], [c].[Description], [c].[Title]
FROM [SubCategories] AS [s]
INNER JOIN [Categories] AS [c] ON [s].[CategoryId] = [c].[Id]
2024-12-23 18:08:30.316 +03:00 [INF] Executing OkObjectResult, writing value of type 'System.Collections.Generic.List`1[[ProductManagement.Application.DTOs.SubCategoryDTO, ProductManagement.Application, Version=1.0.0.0, Culture=neutral, PublicKeyToken=null]]'.
2024-12-23 18:08:30.316 +03:00 [INF] Executed action ProductManagement.Presentation.Controllers.SubCategoryController.TakeSubCatigories (ProductManagement.Presentation) in 4348.1857ms
2024-12-23 18:08:30.317 +03:00 [INF] Executed endpoint 'ProductManagement.Presentation.Controllers.SubCategoryController.TakeSubCatigories (ProductManagement.Presentation)'
2024-12-23 18:08:30.317 +03:00 [INF] Request finished HTTP/1.1 GET http://localhost:5001/api/SubCategory - 200 null application/json; charset=utf-8 4349.4896ms
2024-12-23 18:08:45.851 +03:00 [INF] Request starting HTTP/1.1 GET http://localhost:5001/api/SubCategory/e7abdb35-2173-41ba-9633-4982e952f56b - null null
2024-12-23 18:08:45.851 +03:00 [INF] Executing endpoint 'ProductManagement.Presentation.Controllers.SubCategoryController.TakeSubCatigoryById (ProductManagement.Presentation)'
2024-12-23 18:08:45.863 +03:00 [INF] Route matched with {action = "TakeSubCatigoryById", controller = "SubCategory"}. Executing controller action with signature System.Threading.Tasks.Task`1[Microsoft.AspNetCore.Mvc.IActionResult] TakeSubCatigoryById(System.Guid) on controller ProductManagement.Presentation.Controllers.SubCategoryController (ProductManagement.Presentation).
2024-12-23 18:08:45.908 +03:00 [INF] Executed DbCommand (9ms) [Parameters=[@__request_Id_0='?' (DbType = Guid)], CommandType='"Text"', CommandTimeout='30']
SELECT TOP(1) [s].[Id], [s].[CategoryId], [s].[Description], [s].[Title], [c].[Id], [c].[Description], [c].[Title]
FROM [SubCategories] AS [s]
INNER JOIN [Categories] AS [c] ON [s].[CategoryId] = [c].[Id]
WHERE [s].[Id] = @__request_Id_0
2024-12-23 18:08:45.909 +03:00 [INF] Executing OkObjectResult, writing value of type 'ProductManagement.Application.DTOs.SubCategoryDTO'.
2024-12-23 18:08:45.909 +03:00 [INF] Executed action ProductManagement.Presentation.Controllers.SubCategoryController.TakeSubCatigoryById (ProductManagement.Presentation) in 45.3982ms
2024-12-23 18:08:45.909 +03:00 [INF] Executed endpoint 'ProductManagement.Presentation.Controllers.SubCategoryController.TakeSubCatigoryById (ProductManagement.Presentation)'
2024-12-23 18:08:45.910 +03:00 [INF] Request finished HTTP/1.1 GET http://localhost:5001/api/SubCategory/e7abdb35-2173-41ba-9633-4982e952f56b - 200 null application/json; charset=utf-8 59.0248ms
2024-12-23 18:08:57.985 +03:00 [INF] Request starting HTTP/1.1 GET http://localhost:5001/api/SubCategory/e7abdb35-2173-41ba-9633-4982e952f561 - null null
2024-12-23 18:08:57.986 +03:00 [INF] Executing endpoint 'ProductManagement.Presentation.Controllers.SubCategoryController.TakeSubCatigoryById (ProductManagement.Presentation)'
2024-12-23 18:08:57.986 +03:00 [INF] Route matched with {action = "TakeSubCatigoryById", controller = "SubCategory"}. Executing controller action with signature System.Threading.Tasks.Task`1[Microsoft.AspNetCore.Mvc.IActionResult] TakeSubCatigoryById(System.Guid) on controller ProductManagement.Presentation.Controllers.SubCategoryController (ProductManagement.Presentation).
2024-12-23 18:08:58.043 +03:00 [INF] Executed DbCommand (53ms) [Parameters=[@__request_Id_0='?' (DbType = Guid)], CommandType='"Text"', CommandTimeout='30']
SELECT TOP(1) [s].[Id], [s].[CategoryId], [s].[Description], [s].[Title], [c].[Id], [c].[Description], [c].[Title]
FROM [SubCategories] AS [s]
INNER JOIN [Categories] AS [c] ON [s].[CategoryId] = [c].[Id]
WHERE [s].[Id] = @__request_Id_0
2024-12-23 18:08:58.044 +03:00 [INF] Executing NotFoundObjectResult, writing value of type 'System.String'.
2024-12-23 18:08:58.044 +03:00 [INF] Executed action ProductManagement.Presentation.Controllers.SubCategoryController.TakeSubCatigoryById (ProductManagement.Presentation) in 57.6425ms
2024-12-23 18:08:58.044 +03:00 [INF] Executed endpoint 'ProductManagement.Presentation.Controllers.SubCategoryController.TakeSubCatigoryById (ProductManagement.Presentation)'
2024-12-23 18:08:58.044 +03:00 [INF] Request finished HTTP/1.1 GET http://localhost:5001/api/SubCategory/e7abdb35-2173-41ba-9633-4982e952f561 - 404 null text/plain; charset=utf-8 58.8968ms
2024-12-24 14:34:29.784 +03:00 [WRN] No store type was specified for the decimal property 'Price' on entity type 'Product'. This will cause values to be silently truncated if they do not fit in the default precision and scale. Explicitly specify the SQL server column type that can accommodate all the values in 'OnModelCreating' using 'HasColumnType', specify precision and scale using 'HasPrecision', or configure a value converter using 'HasConversion'.
2024-12-24 14:35:21.011 +03:00 [WRN] No store type was specified for the decimal property 'Price' on entity type 'Product'. This will cause values to be silently truncated if they do not fit in the default precision and scale. Explicitly specify the SQL server column type that can accommodate all the values in 'OnModelCreating' using 'HasColumnType', specify precision and scale using 'HasPrecision', or configure a value converter using 'HasConversion'.
2024-12-24 14:35:21.773 +03:00 [INF] Executed DbCommand (309ms) [Parameters=[], CommandType='"Text"', CommandTimeout='60']
CREATE DATABASE [InnoShopDB];
2024-12-24 14:35:21.915 +03:00 [INF] Executed DbCommand (139ms) [Parameters=[], CommandType='"Text"', CommandTimeout='60']
IF SERVERPROPERTY('EngineEdition') <> 5
BEGIN
    ALTER DATABASE [InnoShopDB] SET READ_COMMITTED_SNAPSHOT ON;
END;
2024-12-24 14:35:21.936 +03:00 [INF] Executed DbCommand (7ms) [Parameters=[], CommandType='"Text"', CommandTimeout='30']
SELECT 1
2024-12-24 14:35:21.940 +03:00 [INF] Acquiring an exclusive lock for migration application. See https://aka.ms/efcore-docs-migrations-lock for more information if this takes too long.
2024-12-24 14:35:21.978 +03:00 [INF] Executed DbCommand (37ms) [Parameters=[], CommandType='"Text"', CommandTimeout='30']
DECLARE @result int;
EXEC @result = sp_getapplock @Resource = '__EFMigrationsLock', @LockOwner = 'Session', @LockMode = 'Exclusive';
SELECT @result
2024-12-24 14:35:22.035 +03:00 [INF] Executed DbCommand (10ms) [Parameters=[], CommandType='"Text"', CommandTimeout='30']
IF OBJECT_ID(N'[__EFMigrationsHistory]') IS NULL
BEGIN
    CREATE TABLE [__EFMigrationsHistory] (
        [MigrationId] nvarchar(150) NOT NULL,
        [ProductVersion] nvarchar(32) NOT NULL,
        CONSTRAINT [PK___EFMigrationsHistory] PRIMARY KEY ([MigrationId])
    );
END;
2024-12-24 14:35:22.046 +03:00 [INF] Executed DbCommand (1ms) [Parameters=[], CommandType='"Text"', CommandTimeout='30']
SELECT 1
2024-12-24 14:35:22.047 +03:00 [INF] Executed DbCommand (1ms) [Parameters=[], CommandType='"Text"', CommandTimeout='30']
SELECT OBJECT_ID(N'[__EFMigrationsHistory]');
2024-12-24 14:35:22.057 +03:00 [INF] Executed DbCommand (8ms) [Parameters=[], CommandType='"Text"', CommandTimeout='30']
SELECT [MigrationId], [ProductVersion]
FROM [__EFMigrationsHistory]
ORDER BY [MigrationId];
2024-12-24 14:35:22.070 +03:00 [INF] Applying migration '20241223093230_InitialProductManagement'.
2024-12-24 14:35:22.092 +03:00 [INF] Executed DbCommand (3ms) [Parameters=[], CommandType='"Text"', CommandTimeout='30']
CREATE TABLE [Categories] (
    [Id] uniqueidentifier NOT NULL,
    [Title] nvarchar(max) NOT NULL,
    [Description] nvarchar(max) NOT NULL,
    CONSTRAINT [PK_Categories] PRIMARY KEY ([Id])
);
2024-12-24 14:35:22.094 +03:00 [INF] Executed DbCommand (3ms) [Parameters=[], CommandType='"Text"', CommandTimeout='30']
CREATE TABLE [ProductStatuses] (
    [Id] uniqueidentifier NOT NULL,
    [Title] nvarchar(max) NOT NULL,
    [Description] nvarchar(max) NOT NULL,
    CONSTRAINT [PK_ProductStatuses] PRIMARY KEY ([Id])
);
2024-12-24 14:35:22.098 +03:00 [INF] Executed DbCommand (4ms) [Parameters=[], CommandType='"Text"', CommandTimeout='30']
CREATE TABLE [SubCategories] (
    [Id] uniqueidentifier NOT NULL,
    [Title] nvarchar(max) NOT NULL,
    [Description] nvarchar(max) NOT NULL,
    [CategoryId] uniqueidentifier NOT NULL,
    CONSTRAINT [PK_SubCategories] PRIMARY KEY ([Id]),
    CONSTRAINT [FK_SubCategories_Categories_CategoryId] FOREIGN KEY ([CategoryId]) REFERENCES [Categories] ([Id]) ON DELETE NO ACTION
);
2024-12-24 14:35:22.101 +03:00 [INF] Executed DbCommand (3ms) [Parameters=[], CommandType='"Text"', CommandTimeout='30']
CREATE TABLE [Products] (
    [Id] uniqueidentifier NOT NULL,
    [Title] nvarchar(max) NOT NULL,
    [Price] decimal(18,2) NOT NULL,
    [CreateDate] datetime2 NOT NULL,
    [Description] nvarchar(max) NOT NULL,
    [UserId] uniqueidentifier NOT NULL,
    [ProductStatusId] uniqueidentifier NOT NULL,
    [SubCategoryId] uniqueidentifier NOT NULL,
    CONSTRAINT [PK_Products] PRIMARY KEY ([Id]),
    CONSTRAINT [FK_Products_ProductStatuses_ProductStatusId] FOREIGN KEY ([ProductStatusId]) REFERENCES [ProductStatuses] ([Id]) ON DELETE NO ACTION,
    CONSTRAINT [FK_Products_SubCategories_SubCategoryId] FOREIGN KEY ([SubCategoryId]) REFERENCES [SubCategories] ([Id]) ON DELETE NO ACTION
);
2024-12-24 14:35:22.106 +03:00 [INF] Executed DbCommand (5ms) [Parameters=[], CommandType='"Text"', CommandTimeout='30']
CREATE INDEX [IX_Products_ProductStatusId] ON [Products] ([ProductStatusId]);
2024-12-24 14:35:22.107 +03:00 [INF] Executed DbCommand (1ms) [Parameters=[], CommandType='"Text"', CommandTimeout='30']
CREATE INDEX [IX_Products_SubCategoryId] ON [Products] ([SubCategoryId]);
2024-12-24 14:35:22.110 +03:00 [INF] Executed DbCommand (2ms) [Parameters=[], CommandType='"Text"', CommandTimeout='30']
CREATE INDEX [IX_SubCategories_CategoryId] ON [SubCategories] ([CategoryId]);
2024-12-24 14:35:22.113 +03:00 [INF] Executed DbCommand (3ms) [Parameters=[], CommandType='"Text"', CommandTimeout='30']
INSERT INTO [__EFMigrationsHistory] ([MigrationId], [ProductVersion])
VALUES (N'20241223093230_InitialProductManagement', N'9.0.0');
2024-12-24 14:35:22.113 +03:00 [INF] Applying migration '20241223095208_someNullablefixes'.
2024-12-24 14:35:22.211 +03:00 [INF] Executed DbCommand (85ms) [Parameters=[], CommandType='"Text"', CommandTimeout='30']
DECLARE @var0 sysname;
SELECT @var0 = [d].[name]
FROM [sys].[default_constraints] [d]
INNER JOIN [sys].[columns] [c] ON [d].[parent_column_id] = [c].[column_id] AND [d].[parent_object_id] = [c].[object_id]
WHERE ([d].[parent_object_id] = OBJECT_ID(N'[SubCategories]') AND [c].[name] = N'Description');
IF @var0 IS NOT NULL EXEC(N'ALTER TABLE [SubCategories] DROP CONSTRAINT [' + @var0 + '];');
ALTER TABLE [SubCategories] ALTER COLUMN [Description] nvarchar(max) NULL;
2024-12-24 14:35:22.226 +03:00 [INF] Executed DbCommand (16ms) [Parameters=[], CommandType='"Text"', CommandTimeout='30']
DECLARE @var1 sysname;
SELECT @var1 = [d].[name]
FROM [sys].[default_constraints] [d]
INNER JOIN [sys].[columns] [c] ON [d].[parent_column_id] = [c].[column_id] AND [d].[parent_object_id] = [c].[object_id]
WHERE ([d].[parent_object_id] = OBJECT_ID(N'[ProductStatuses]') AND [c].[name] = N'Description');
IF @var1 IS NOT NULL EXEC(N'ALTER TABLE [ProductStatuses] DROP CONSTRAINT [' + @var1 + '];');
ALTER TABLE [ProductStatuses] ALTER COLUMN [Description] nvarchar(max) NULL;
2024-12-24 14:35:22.241 +03:00 [INF] Executed DbCommand (14ms) [Parameters=[], CommandType='"Text"', CommandTimeout='30']
DECLARE @var2 sysname;
SELECT @var2 = [d].[name]
FROM [sys].[default_constraints] [d]
INNER JOIN [sys].[columns] [c] ON [d].[parent_column_id] = [c].[column_id] AND [d].[parent_object_id] = [c].[object_id]
WHERE ([d].[parent_object_id] = OBJECT_ID(N'[Products]') AND [c].[name] = N'Description');
IF @var2 IS NOT NULL EXEC(N'ALTER TABLE [Products] DROP CONSTRAINT [' + @var2 + '];');
ALTER TABLE [Products] ALTER COLUMN [Description] nvarchar(max) NULL;
2024-12-24 14:35:22.256 +03:00 [INF] Executed DbCommand (15ms) [Parameters=[], CommandType='"Text"', CommandTimeout='30']
DECLARE @var3 sysname;
SELECT @var3 = [d].[name]
FROM [sys].[default_constraints] [d]
INNER JOIN [sys].[columns] [c] ON [d].[parent_column_id] = [c].[column_id] AND [d].[parent_object_id] = [c].[object_id]
WHERE ([d].[parent_object_id] = OBJECT_ID(N'[Categories]') AND [c].[name] = N'Description');
IF @var3 IS NOT NULL EXEC(N'ALTER TABLE [Categories] DROP CONSTRAINT [' + @var3 + '];');
ALTER TABLE [Categories] ALTER COLUMN [Description] nvarchar(max) NULL;
2024-12-24 14:35:22.257 +03:00 [INF] Executed DbCommand (0ms) [Parameters=[], CommandType='"Text"', CommandTimeout='30']
INSERT INTO [__EFMigrationsHistory] ([MigrationId], [ProductVersion])
VALUES (N'20241223095208_someNullablefixes', N'9.0.0');
2024-12-24 14:35:22.263 +03:00 [INF] Executed DbCommand (2ms) [Parameters=[], CommandType='"Text"', CommandTimeout='30']
DECLARE @result int;
EXEC @result = sp_releaseapplock @Resource = '__EFMigrationsLock', @LockOwner = 'Session';
SELECT @result
